Using pre-set license
Built from '2020.3/staging' branch; Version is '2020.3.9f1 (108be757e447) revision 1084391'; Using compiler version '192528614'; Build Type 'Release'
OS: 'Windows 10 Pro; OS build 19042.1288; Version 2009; 64bit' Language: 'es' Physical Memory: 4010 MB
BatchMode: 1, IsHumanControllingUs: 0, StartBugReporterOnCrash: 0, Is64bit: 1, IsPro: 0

 COMMAND LINE ARGUMENTS:
C:\Program Files\Unity\Hub\Editor\2020.3.9f1\Editor\Unity.exe
-adb2
-batchMode
-noUpm
-name
AssetImportWorker1
-projectPath
C:/Users/Martin/Documents/GitHub/Sus/Among Us
-logFile
Logs/AssetImportWorker1.log
-srvPort
57755
Successfully changed project path to: C:/Users/Martin/Documents/GitHub/Sus/Among Us
C:/Users/Martin/Documents/GitHub/Sus/Among Us
Using Asset Import Pipeline V2.
