Using pre-set license
Built from '2020.3/staging' branch; Version is '2020.3.9f1 (108be757e447) revision 1084391'; Using compiler version '192528614'; Build Type 'Release'
OS: 'Windows 10 Pro; OS build 19042.1288; Version 2009; 64bit' Language: 'es' Physical Memory: 4010 MB
BatchMode: 1, IsHumanControllingUs: 0, StartBugReporterOnCrash: 0, Is64bit: 1, IsPro: 0

 COMMAND LINE ARGUMENTS:
C:\Program Files\Unity\Hub\Editor\2020.3.9f1\Editor\Unity.exe
-adb2
-batchMode
-noUpm
-name
AssetImportWorker28
-projectPath
C:/Users/Martin/Documents/GitHub/Sus/Among Us
-logFile
Logs/AssetImportWorker28.log
-srvPort
57755
Successfully changed project path to: C:/Users/Martin/Documents/GitHub/Sus/Among Us
C:/Users/Martin/Documents/GitHub/Sus/Among Us
Using Asset Import Pipeline V2.
Refreshing native plugins compatible for Editor in 220.20 ms, found 1 plugins.
Preloading 0 native plugins for Editor in 0.00 ms.
Initialize engine version: 2020.3.9f1 (108be757e447)
[Subsystems] Discovering subsystems at path C:/Program Files/Unity/Hub/Editor/2020.3.9f1/Editor/Data/Resources/UnitySubsystems
[Subsystems] Discovering subsystems at path C:/Users/Martin/Documents/GitHub/Sus/Among Us/Assets
GfxDevice: creating device client; threaded=0
Direct3D:
    Version:  Direct3D 11.0 [level 11.0]
    Renderer: NVIDIA GeForce GT 525M (ID=0xdf5)
    Vendor:   
    VRAM:     963 MB
    Driver:   23.21.13.9135
Shader 'Universal Render Pipeline/Particles/Lit': fallback shader 'Universal Render Pipeline/Particles/SimpleLit' not found
Initialize mono
Mono path[0] = 'C:/Program Files/Unity/Hub/Editor/2020.3.9f1/Editor/Data/Managed'
Mono path[1] = 'C:/Program Files/Unity/Hub/Editor/2020.3.9f1/Editor/Data/MonoBleedingEdge/lib/mono/unityjit'
Mono config path = 'C:/Program Files/Unity/Hub/Editor/2020.3.9f1/Editor/Data/MonoBleedingEdge/etc'
Using monoOptions --debugger-agent=transport=dt_socket,embedding=1,server=y,suspend=n,address=127.0.0.1:56144
Begin MonoManager ReloadAssembly
Registering precompiled unity dll's ...
Register platform support module: C:/Program Files/Unity/Hub/Editor/2020.3.9f1/Editor/Data/PlaybackEngines/WindowsStandaloneSupport/UnityEditor.WindowsStandalone.Extensions.dll
Registered in 0.003465 seconds.
Native extension for WindowsStandalone target not found
Refreshing native plugins compatible for Editor in 143.71 ms, found 1 plugins.
Preloading 0 native plugins for Editor in 0.00 ms.
Mono: successfully reloaded assembly
- Completed reload, in  2.073 seconds
Platform modules already initialized, skipping
Registering precompiled user dll's ...
Registered in 0.008825 seconds.
Begin MonoManager ReloadAssembly
Native extension for WindowsStandalone target not found
Refreshing native plugins compatible for Editor in 149.74 ms, found 1 plugins.
Preloading 0 native plugins for Editor in 0.00 ms.
Mono: successfully reloaded assembly
- Completed reload, in  2.418 seconds
Platform modules already initialized, skipping
========================================================================
Worker process is ready to serve import requests
Shader 'Universal Render Pipeline/Particles/Lit': fallback shader 'Universal Render Pipeline/Particles/SimpleLit' not found
Launched and connected shader compiler UnityShaderCompiler.exe after 1.20 seconds
Refreshing native plugins compatible for Editor in 3.92 ms, found 1 plugins.
Preloading 0 native plugins for Editor in 0.00 ms.
Unloading 3411 Unused Serialized files (Serialized files now loaded: 0)
System memory in use before: 168.1 MB.
System memory in use after: 168.3 MB.

Unloading 28 unused Assets to reduce memory usage. Loaded Objects now: 3857.
Total: 605.120100 ms (FindLiveObjects: 0.694700 ms CreateObjectMapping: 0.387500 ms MarkObjects: 545.866700 ms  DeleteObjects: 58.166200 ms)

========================================================================
Received Import Request.
  path: Assets/Scripts/PUN/SusOnline.cs
  artifactKey: Guid(f3a1bfe62ae14cb4e94a89955da8ab5b) Importer(815301076,1909f56bfc062723c751e8b465ee728b)
Start importing Assets/Scripts/PUN/SusOnline.cs using Guid(f3a1bfe62ae14cb4e94a89955da8ab5b) Importer(815301076,1909f56bfc062723c751e8b465ee728b)  -> (artifact id: '997ac55d18cb521008af5e63f4b31362') in 3.073710 seconds
  Import took 3.822785 seconds .

========================================================================
Received Prepare
Registering precompiled user dll's ...
Registered in 0.730276 seconds.
Begin MonoManager ReloadAssembly
Native extension for WindowsStandalone target not found
Refreshing native plugins compatible for Editor in 93.33 ms, found 1 plugins.
Preloading 0 native plugins for Editor in 0.00 ms.
Mono: successfully reloaded assembly
- Completed reload, in 75.348 seconds
Platform modules already initialized, skipping
Shader 'Universal Render Pipeline/Particles/Lit': fallback shader 'Universal Render Pipeline/Particles/SimpleLit' not found
Refreshing native plugins compatible for Editor in 12.65 ms, found 1 plugins.
Preloading 0 native plugins for Editor in 0.00 ms.
Unloading 3226 Unused Serialized files (Serialized files now loaded: 0)
System memory in use before: 153.9 MB.
System memory in use after: 154.0 MB.

Unloading 17 unused Assets to reduce memory usage. Loaded Objects now: 3861.
Total: 550.691500 ms (FindLiveObjects: 10.131700 ms CreateObjectMapping: 0.479600 ms MarkObjects: 447.667600 ms  DeleteObjects: 92.407800 ms)

========================================================================
Received Prepare
Registering precompiled user dll's ...
Registered in 0.433586 seconds.
Begin MonoManager ReloadAssembly
Native extension for WindowsStandalone target not found
Refreshing native plugins compatible for Editor in 1.99 ms, found 1 plugins.
Preloading 0 native plugins for Editor in 0.00 ms.
Mono: successfully reloaded assembly
- Completed reload, in 17.414 seconds
Platform modules already initialized, skipping
Shader 'Universal Render Pipeline/Particles/Lit': fallback shader 'Universal Render Pipeline/Particles/SimpleLit' not found
Refreshing native plugins compatible for Editor in 1.71 ms, found 1 plugins.
Preloading 0 native plugins for Editor in 0.00 ms.
Unloading 3226 Unused Serialized files (Serialized files now loaded: 0)
System memory in use before: 153.9 MB.
System memory in use after: 154.1 MB.

Unloading 17 unused Assets to reduce memory usage. Loaded Objects now: 3865.
Total: 238.156400 ms (FindLiveObjects: 2.503900 ms CreateObjectMapping: 0.450700 ms MarkObjects: 209.422400 ms  DeleteObjects: 25.708900 ms)

========================================================================
Received Import Request.
  Time since last request: 7134.734095 seconds.
  path: Assets/Scripts/PUN/SusOnline.cs
  artifactKey: Guid(f3a1bfe62ae14cb4e94a89955da8ab5b) Importer(815301076,1909f56bfc062723c751e8b465ee728b)
Start importing Assets/Scripts/PUN/SusOnline.cs using Guid(f3a1bfe62ae14cb4e94a89955da8ab5b) Importer(815301076,1909f56bfc062723c751e8b465ee728b)  -> (artifact id: '73419ad40adfa79870102cf70793d0fa') in 0.248435 seconds
  Import took 0.423991 seconds .

========================================================================
Received Import Request.
  Time since last request: 1114.284289 seconds.
  path: Assets/Photon/PhotonUnityNetworking/Resources/PhotonServerSettings.asset
  artifactKey: Guid(dcb19e14e64b23c4b975851da0b5fe2b) Importer(815301076,1909f56bfc062723c751e8b465ee728b)
Start importing Assets/Photon/PhotonUnityNetworking/Resources/PhotonServerSettings.asset using Guid(dcb19e14e64b23c4b975851da0b5fe2b) Importer(815301076,1909f56bfc062723c751e8b465ee728b)  -> (artifact id: '841e052818fe2fa4a4480c818e021080') in 4.388543 seconds
  Import took 4.474942 seconds .

========================================================================
Received Prepare
Shader 'Universal Render Pipeline/Particles/Lit': fallback shader 'Universal Render Pipeline/Particles/SimpleLit' not found
Refreshing native plugins compatible for Editor in 805.19 ms, found 1 plugins.
Preloading 0 native plugins for Editor in 0.00 ms.
Unloading 14 Unused Serialized files (Serialized files now loaded: 0)
System memory in use before: 90.6 MB.
System memory in use after: 90.8 MB.

Unloading 14 unused Assets to reduce memory usage. Loaded Objects now: 3865.
Total: 33.138900 ms (FindLiveObjects: 3.062300 ms CreateObjectMapping: 0.582500 ms MarkObjects: 15.460200 ms  DeleteObjects: 14.026500 ms)

========================================================================
Received Prepare
Registering precompiled user dll's ...
Registered in 0.766174 seconds.
Begin MonoManager ReloadAssembly
Native extension for WindowsStandalone target not found
Refreshing native plugins compatible for Editor in 3.17 ms, found 1 plugins.
Preloading 0 native plugins for Editor in 0.00 ms.
Mono: successfully reloaded assembly
- Completed reload, in 22.176 seconds
Platform modules already initialized, skipping
Shader 'Universal Render Pipeline/Particles/Lit': fallback shader 'Universal Render Pipeline/Particles/SimpleLit' not found
Refreshing native plugins compatible for Editor in 4.94 ms, found 1 plugins.
Preloading 0 native plugins for Editor in 0.00 ms.
Unloading 3226 Unused Serialized files (Serialized files now loaded: 0)
System memory in use before: 154.0 MB.
System memory in use after: 154.2 MB.

Unloading 17 unused Assets to reduce memory usage. Loaded Objects now: 3869.
Total: 4.391000 ms (FindLiveObjects: 0.399000 ms CreateObjectMapping: 0.188900 ms MarkObjects: 3.643700 ms  DeleteObjects: 0.157100 ms)

========================================================================
Received Prepare
Shader 'Universal Render Pipeline/Particles/Lit': fallback shader 'Universal Render Pipeline/Particles/SimpleLit' not found
Refreshing native plugins compatible for Editor in 6.82 ms, found 1 plugins.
Preloading 0 native plugins for Editor in 0.00 ms.
Unloading 14 Unused Serialized files (Serialized files now loaded: 0)
System memory in use before: 90.6 MB.
System memory in use after: 90.8 MB.

Unloading 14 unused Assets to reduce memory usage. Loaded Objects now: 3869.
Total: 4.953100 ms (FindLiveObjects: 0.653700 ms CreateObjectMapping: 0.175100 ms MarkObjects: 3.972800 ms  DeleteObjects: 0.149600 ms)

========================================================================
Received Import Request.
  Time since last request: 779.540159 seconds.
  path: Assets/Photon/PhotonUnityNetworking/Resources/PhotonServerSettings.asset
  artifactKey: Guid(dcb19e14e64b23c4b975851da0b5fe2b) Importer(815301076,1909f56bfc062723c751e8b465ee728b)
Start importing Assets/Photon/PhotonUnityNetworking/Resources/PhotonServerSettings.asset using Guid(dcb19e14e64b23c4b975851da0b5fe2b) Importer(815301076,1909f56bfc062723c751e8b465ee728b)  -> (artifact id: '15a3ee88b2726da1f2bbb38d1f831c98') in 0.140091 seconds
  Import took 0.230144 seconds .

========================================================================
Received Import Request.
  Time since last request: 0.004747 seconds.
  path: Assets/Photon/PhotonUnityNetworking/Resources/PhotonServerSettings.asset
  artifactKey: Guid(dcb19e14e64b23c4b975851da0b5fe2b) Importer(815301076,1909f56bfc062723c751e8b465ee728b)
Start importing Assets/Photon/PhotonUnityNetworking/Resources/PhotonServerSettings.asset using Guid(dcb19e14e64b23c4b975851da0b5fe2b) Importer(815301076,1909f56bfc062723c751e8b465ee728b)  -> (artifact id: '15a3ee88b2726da1f2bbb38d1f831c98') in 0.111419 seconds
  Import took 0.221839 seconds .

========================================================================
Received Prepare
Registering precompiled user dll's ...
Registered in 0.162310 seconds.
Begin MonoManager ReloadAssembly
Native extension for WindowsStandalone target not found
Refreshing native plugins compatible for Editor in 1.92 ms, found 1 plugins.
Preloading 0 native plugins for Editor in 0.00 ms.
Mono: successfully reloaded assembly
- Completed reload, in  4.877 seconds
Platform modules already initialized, skipping
Shader 'Universal Render Pipeline/Particles/Lit': fallback shader 'Universal Render Pipeline/Particles/SimpleLit' not found
Refreshing native plugins compatible for Editor in 3.75 ms, found 1 plugins.
Preloading 0 native plugins for Editor in 0.00 ms.
Unloading 3226 Unused Serialized files (Serialized files now loaded: 0)
System memory in use before: 154.1 MB.
System memory in use after: 154.2 MB.

Unloading 17 unused Assets to reduce memory usage. Loaded Objects now: 3873.
Total: 12.312100 ms (FindLiveObjects: 1.084500 ms CreateObjectMapping: 0.628800 ms MarkObjects: 10.187000 ms  DeleteObjects: 0.405200 ms)

========================================================================
Received Prepare
Shader 'Universal Render Pipeline/Particles/Lit': fallback shader 'Universal Render Pipeline/Particles/SimpleLit' not found
Refreshing native plugins compatible for Editor in 7.54 ms, found 1 plugins.
Preloading 0 native plugins for Editor in 0.00 ms.
Unloading 14 Unused Serialized files (Serialized files now loaded: 0)
System memory in use before: 90.6 MB.
System memory in use after: 90.8 MB.

Unloading 14 unused Assets to reduce memory usage. Loaded Objects now: 3873.
Total: 4.209800 ms (FindLiveObjects: 0.362500 ms CreateObjectMapping: 0.176700 ms MarkObjects: 3.522700 ms  DeleteObjects: 0.145800 ms)

========================================================================
Received Import Request.
  Time since last request: 313.876361 seconds.
  path: Assets/Photon/PhotonUnityNetworking/Resources/PhotonServerSettings.asset
  artifactKey: Guid(dcb19e14e64b23c4b975851da0b5fe2b) Importer(815301076,1909f56bfc062723c751e8b465ee728b)
Start importing Assets/Photon/PhotonUnityNetworking/Resources/PhotonServerSettings.asset using Guid(dcb19e14e64b23c4b975851da0b5fe2b) Importer(815301076,1909f56bfc062723c751e8b465ee728b)  -> (artifact id: 'fb91c1e4349ef64f63b4e15912b35cf4') in 0.113657 seconds
  Import took 0.205020 seconds .

========================================================================
Received Import Request.
  Time since last request: 0.278581 seconds.
  path: Assets/Photon/PhotonUnityNetworking/Resources/PhotonServerSettings.asset
  artifactKey: Guid(dcb19e14e64b23c4b975851da0b5fe2b) Importer(815301076,1909f56bfc062723c751e8b465ee728b)
Start importing Assets/Photon/PhotonUnityNetworking/Resources/PhotonServerSettings.asset using Guid(dcb19e14e64b23c4b975851da0b5fe2b) Importer(815301076,1909f56bfc062723c751e8b465ee728b)  -> (artifact id: 'fb91c1e4349ef64f63b4e15912b35cf4') in 0.249354 seconds
  Import took 0.264642 seconds .

========================================================================
Received Prepare
Registering precompiled user dll's ...
Registered in 0.007252 seconds.
Begin MonoManager ReloadAssembly
Native extension for WindowsStandalone target not found
Refreshing native plugins compatible for Editor in 2.30 ms, found 1 plugins.
Preloading 0 native plugins for Editor in 0.00 ms.
Mono: successfully reloaded assembly
- Completed reload, in  4.064 seconds
Platform modules already initialized, skipping
Shader 'Universal Render Pipeline/Particles/Lit': fallback shader 'Universal Render Pipeline/Particles/SimpleLit' not found
Refreshing native plugins compatible for Editor in 3.26 ms, found 1 plugins.
Preloading 0 native plugins for Editor in 0.00 ms.
Unloading 3226 Unused Serialized files (Serialized files now loaded: 0)
System memory in use before: 154.1 MB.
System memory in use after: 154.2 MB.

Unloading 17 unused Assets to reduce memory usage. Loaded Objects now: 3877.
Total: 5.681400 ms (FindLiveObjects: 0.400700 ms CreateObjectMapping: 0.312800 ms MarkObjects: 4.734600 ms  DeleteObjects: 0.228300 ms)

========================================================================
Received Import Request.
  Time since last request: 752.621646 seconds.
  path: Assets/Scene/test.unity
  artifactKey: Guid(f59778753e898df4c81d233b0196ad33) Importer(815301076,1909f56bfc062723c751e8b465ee728b)
Start importing Assets/Scene/test.unity using Guid(f59778753e898df4c81d233b0196ad33) Importer(815301076,1909f56bfc062723c751e8b465ee728b)  -> (artifact id: '46f643a53c1a8e7a1c73aafcf1e7b9bc') in 47.618240 seconds
  Import took 66.797613 seconds .

========================================================================
Received Import Request.
  Time since last request: 163.389617 seconds.
  path: Assets/Photon/PhotonUnityNetworking/Resources/Player.prefab
  artifactKey: Guid(4a677baac81fedd468197564a3aac4dd) Importer(815301076,1909f56bfc062723c751e8b465ee728b)
Start importing Assets/Photon/PhotonUnityNetworking/Resources/Player.prefab using Guid(4a677baac81fedd468197564a3aac4dd) Importer(815301076,1909f56bfc062723c751e8b465ee728b)  -> (artifact id: '8562603e68588b8b0f44f6376c7c363f') in 32.129502 seconds
  Import took 32.194961 seconds .

========================================================================
Received Import Request.
  Time since last request: 0.000357 seconds.
  path: Assets/Photon/PhotonUnityNetworking/Resources/Player.prefab
  artifactKey: Guid(4a677baac81fedd468197564a3aac4dd) Importer(815301076,1909f56bfc062723c751e8b465ee728b)
Start importing Assets/Photon/PhotonUnityNetworking/Resources/Player.prefab using Guid(4a677baac81fedd468197564a3aac4dd) Importer(815301076,1909f56bfc062723c751e8b465ee728b)  -> (artifact id: '8562603e68588b8b0f44f6376c7c363f') in 0.330789 seconds
  Import took 0.405602 seconds .

========================================================================
Received Import Request.
  Time since last request: 0.001156 seconds.
  path: Assets/1.unity
  artifactKey: Guid(fd65275f35cf6ef4ba06abb98a6d58e6) Importer(815301076,1909f56bfc062723c751e8b465ee728b)
Start importing Assets/1.unity using Guid(fd65275f35cf6ef4ba06abb98a6d58e6) Importer(815301076,1909f56bfc062723c751e8b465ee728b)  -> (artifact id: '543b54beacc11aa6b475f000d5dc72cd') in 0.065022 seconds
  Import took 0.152792 seconds .

========================================================================
Received Prepare
Registering precompiled user dll's ...
Registered in 0.090342 seconds.
Begin MonoManager ReloadAssembly
Native extension for WindowsStandalone target not found
Refreshing native plugins compatible for Editor in 15.47 ms, found 1 plugins.
Preloading 0 native plugins for Editor in 0.00 ms.
Mono: successfully reloaded assembly
- Completed reload, in 55.463 seconds
Platform modules already initialized, skipping
Shader 'Universal Render Pipeline/Particles/Lit': fallback shader 'Universal Render Pipeline/Particles/SimpleLit' not found
Refreshing native plugins compatible for Editor in 2.27 ms, found 1 plugins.
Preloading 0 native plugins for Editor in 0.00 ms.
Unloading 3226 Unused Serialized files (Serialized files now loaded: 0)
System memory in use before: 159.2 MB.
System memory in use after: 159.4 MB.

Unloading 17 unused Assets to reduce memory usage. Loaded Objects now: 3926.
Total: 968.457600 ms (FindLiveObjects: 24.747500 ms CreateObjectMapping: 0.645400 ms MarkObjects: 929.255600 ms  DeleteObjects: 13.803200 ms)

========================================================================
Received Prepare
Registering precompiled user dll's ...
Registered in 0.141196 seconds.
Begin MonoManager ReloadAssembly
Native extension for WindowsStandalone target not found
Refreshing native plugins compatible for Editor in 1.46 ms, found 1 plugins.
Preloading 0 native plugins for Editor in 0.00 ms.
Mono: successfully reloaded assembly
- Completed reload, in  3.396 seconds
Platform modules already initialized, skipping
Shader 'Universal Render Pipeline/Particles/Lit': fallback shader 'Universal Render Pipeline/Particles/SimpleLit' not found
Refreshing native plugins compatible for Editor in 2.93 ms, found 1 plugins.
Preloading 0 native plugins for Editor in 0.00 ms.
Unloading 3226 Unused Serialized files (Serialized files now loaded: 0)
System memory in use before: 159.2 MB.
System memory in use after: 159.4 MB.

Unloading 17 unused Assets to reduce memory usage. Loaded Objects now: 3930.
Total: 6.411400 ms (FindLiveObjects: 0.566200 ms CreateObjectMapping: 0.335900 ms MarkObjects: 5.307300 ms  DeleteObjects: 0.199000 ms)

========================================================================
Received Prepare
Registering precompiled user dll's ...
Registered in 0.065527 seconds.
Begin MonoManager ReloadAssembly
Native extension for WindowsStandalone target not found
Refreshing native plugins compatible for Editor in 1.48 ms, found 1 plugins.
Preloading 0 native plugins for Editor in 0.00 ms.
Mono: successfully reloaded assembly
- Completed reload, in  6.326 seconds
Platform modules already initialized, skipping
Shader 'Universal Render Pipeline/Particles/Lit': fallback shader 'Universal Render Pipeline/Particles/SimpleLit' not found
Refreshing native plugins compatible for Editor in 1.72 ms, found 1 plugins.
Preloading 0 native plugins for Editor in 0.00 ms.
Unloading 3226 Unused Serialized files (Serialized files now loaded: 0)
System memory in use before: 159.2 MB.
System memory in use after: 159.4 MB.

Unloading 17 unused Assets to reduce memory usage. Loaded Objects now: 3934.
Total: 4.984900 ms (FindLiveObjects: 0.442200 ms CreateObjectMapping: 0.179800 ms MarkObjects: 4.195300 ms  DeleteObjects: 0.165000 ms)

========================================================================
Received Prepare
Registering precompiled user dll's ...
Registered in 0.073687 seconds.
Begin MonoManager ReloadAssembly
Native extension for WindowsStandalone target not found
Refreshing native plugins compatible for Editor in 1.38 ms, found 1 plugins.
Preloading 0 native plugins for Editor in 0.00 ms.
Mono: successfully reloaded assembly
- Completed reload, in  2.508 seconds
Platform modules already initialized, skipping
Shader 'Universal Render Pipeline/Particles/Lit': fallback shader 'Universal Render Pipeline/Particles/SimpleLit' not found
Refreshing native plugins compatible for Editor in 3.87 ms, found 1 plugins.
Preloading 0 native plugins for Editor in 0.00 ms.
Unloading 3226 Unused Serialized files (Serialized files now loaded: 0)
System memory in use before: 159.2 MB.
System memory in use after: 159.4 MB.

Unloading 17 unused Assets to reduce memory usage. Loaded Objects now: 3938.
Total: 8.344500 ms (FindLiveObjects: 0.609200 ms CreateObjectMapping: 0.323400 ms MarkObjects: 6.489100 ms  DeleteObjects: 0.919200 ms)

========================================================================
Received Prepare
Shader 'Universal Render Pipeline/Particles/Lit': fallback shader 'Universal Render Pipeline/Particles/SimpleLit' not found
Refreshing native plugins compatible for Editor in 216.12 ms, found 1 plugins.
Preloading 0 native plugins for Editor in 0.00 ms.
Unloading 14 Unused Serialized files (Serialized files now loaded: 0)
System memory in use before: 95.8 MB.
System memory in use after: 96.0 MB.

Unloading 14 unused Assets to reduce memory usage. Loaded Objects now: 3938.
Total: 11.487600 ms (FindLiveObjects: 0.890400 ms CreateObjectMapping: 0.545200 ms MarkObjects: 9.686400 ms  DeleteObjects: 0.360100 ms)

========================================================================
Received Prepare
Registering precompiled user dll's ...
Registered in 0.085850 seconds.
Begin MonoManager ReloadAssembly
Native extension for WindowsStandalone target not found
Refreshing native plugins compatible for Editor in 1.55 ms, found 1 plugins.
Preloading 0 native plugins for Editor in 0.00 ms.
Mono: successfully reloaded assembly
- Completed reload, in  2.128 seconds
Platform modules already initialized, skipping
Shader 'Universal Render Pipeline/Particles/Lit': fallback shader 'Universal Render Pipeline/Particles/SimpleLit' not found
Refreshing native plugins compatible for Editor in 2.78 ms, found 1 plugins.
Preloading 0 native plugins for Editor in 0.00 ms.
Unloading 3226 Unused Serialized files (Serialized files now loaded: 0)
System memory in use before: 159.3 MB.
System memory in use after: 159.4 MB.

Unloading 17 unused Assets to reduce memory usage. Loaded Objects now: 3942.
Total: 24.835600 ms (FindLiveObjects: 0.563700 ms CreateObjectMapping: 0.240800 ms MarkObjects: 4.111200 ms  DeleteObjects: 19.917300 ms)

========================================================================
Received Import Request.
  Time since last request: 1433.134036 seconds.
  path: Assets/Photon/PhotonUnityNetworking/Resources/Player.prefab
  artifactKey: Guid(4a677baac81fedd468197564a3aac4dd) Importer(815301076,1909f56bfc062723c751e8b465ee728b)
Start importing Assets/Photon/PhotonUnityNetworking/Resources/Player.prefab using Guid(4a677baac81fedd468197564a3aac4dd) Importer(815301076,1909f56bfc062723c751e8b465ee728b)  -> (artifact id: 'd271708a9824aee2875522de31468275') in 3.702612 seconds
  Import took 3.843974 seconds .

========================================================================
Received Import Request.
  Time since last request: 3.521830 seconds.
  path: Assets/Photon/PhotonUnityNetworking/Resources/Player.prefab
  artifactKey: Guid(4a677baac81fedd468197564a3aac4dd) Importer(815301076,1909f56bfc062723c751e8b465ee728b)
Start importing Assets/Photon/PhotonUnityNetworking/Resources/Player.prefab using Guid(4a677baac81fedd468197564a3aac4dd) Importer(815301076,1909f56bfc062723c751e8b465ee728b)  -> (artifact id: '07c26884c7935d1c270aabde6abc2168') in 0.098594 seconds
  Import took 0.292214 seconds .

========================================================================
Received Import Request.
  Time since last request: 22.790148 seconds.
  path: Assets/Photon/PhotonUnityNetworking/Resources/Player.prefab
  artifactKey: Guid(4a677baac81fedd468197564a3aac4dd) Importer(815301076,1909f56bfc062723c751e8b465ee728b)
Start importing Assets/Photon/PhotonUnityNetworking/Resources/Player.prefab using Guid(4a677baac81fedd468197564a3aac4dd) Importer(815301076,1909f56bfc062723c751e8b465ee728b)  -> (artifact id: 'ebb4619360780138977f0b78e75f12df') in 0.121989 seconds
  Import took 0.162603 seconds .

========================================================================
Received Import Request.
  Time since last request: 7.032743 seconds.
  path: Assets/Photon/PhotonUnityNetworking/Resources/Player.prefab
  artifactKey: Guid(4a677baac81fedd468197564a3aac4dd) Importer(815301076,1909f56bfc062723c751e8b465ee728b)
Start importing Assets/Photon/PhotonUnityNetworking/Resources/Player.prefab using Guid(4a677baac81fedd468197564a3aac4dd) Importer(815301076,1909f56bfc062723c751e8b465ee728b)  -> (artifact id: '8fd6cd51ab013fbd5c5fc373f37288c8') in 0.270373 seconds
  Import took 0.341012 seconds .

========================================================================
Received Prepare
Shader 'Universal Render Pipeline/Particles/Lit': fallback shader 'Universal Render Pipeline/Particles/SimpleLit' not found
Refreshing native plugins compatible for Editor in 26.32 ms, found 1 plugins.
Preloading 0 native plugins for Editor in 0.00 ms.
Unloading 14 Unused Serialized files (Serialized files now loaded: 0)
System memory in use before: 99.3 MB.
System memory in use after: 99.5 MB.

Unloading 14 unused Assets to reduce memory usage. Loaded Objects now: 3999.
Total: 7.778800 ms (FindLiveObjects: 0.429200 ms CreateObjectMapping: 0.192700 ms MarkObjects: 6.986500 ms  DeleteObjects: 0.167500 ms)

========================================================================
Received Prepare
Registering precompiled user dll's ...
Registered in 0.024630 seconds.
Begin MonoManager ReloadAssembly
Native extension for WindowsStandalone target not found
Refreshing native plugins compatible for Editor in 1.48 ms, found 1 plugins.
Preloading 0 native plugins for Editor in 0.00 ms.
Mono: successfully reloaded assembly
- Completed reload, in  2.227 seconds
Platform modules already initialized, skipping
Shader 'Universal Render Pipeline/Particles/Lit': fallback shader 'Universal Render Pipeline/Particles/SimpleLit' not found
Refreshing native plugins compatible for Editor in 3.87 ms, found 1 plugins.
Preloading 0 native plugins for Editor in 0.00 ms.
Unloading 3226 Unused Serialized files (Serialized files now loaded: 0)
System memory in use before: 159.4 MB.
System memory in use after: 159.6 MB.

Unloading 17 unused Assets to reduce memory usage. Loaded Objects now: 3982.
Total: 8.792900 ms (FindLiveObjects: 0.657400 ms CreateObjectMapping: 0.324500 ms MarkObjects: 7.574900 ms  DeleteObjects: 0.231800 ms)

========================================================================
Received Prepare
Shader 'Universal Render Pipeline/Particles/Lit': fallback shader 'Universal Render Pipeline/Particles/SimpleLit' not found
Refreshing native plugins compatible for Editor in 550.30 ms, found 1 plugins.
Preloading 0 native plugins for Editor in 0.00 ms.
Unloading 14 Unused Serialized files (Serialized files now loaded: 0)
System memory in use before: 96.0 MB.
System memory in use after: 96.1 MB.

Unloading 14 unused Assets to reduce memory usage. Loaded Objects now: 3982.
Total: 20.734400 ms (FindLiveObjects: 2.067900 ms CreateObjectMapping: 0.491900 ms MarkObjects: 17.853300 ms  DeleteObjects: 0.317000 ms)

========================================================================
Received Prepare
Shader 'Universal Render Pipeline/Particles/Lit': fallback shader 'Universal Render Pipeline/Particles/SimpleLit' not found
Refreshing native plugins compatible for Editor in 987.43 ms, found 1 plugins.
Preloading 0 native plugins for Editor in 0.00 ms.
Unloading 14 Unused Serialized files (Serialized files now loaded: 0)
System memory in use before: 96.0 MB.
System memory in use after: 96.1 MB.

Unloading 14 unused Assets to reduce memory usage. Loaded Objects now: 3982.
Total: 2942.069700 ms (FindLiveObjects: 53.099600 ms CreateObjectMapping: 0.265200 ms MarkObjects: 2680.910700 ms  DeleteObjects: 207.788400 ms)

========================================================================
Received Prepare
Registering precompiled user dll's ...
Registered in 0.087945 seconds.
Begin MonoManager ReloadAssembly
Native extension for WindowsStandalone target not found
Refreshing native plugins compatible for Editor in 4.25 ms, found 1 plugins.
Preloading 0 native plugins for Editor in 0.00 ms.
Mono: successfully reloaded assembly
- Completed reload, in 107.499 seconds
Platform modules already initialized, skipping
Shader 'Universal Render Pipeline/Particles/Lit': fallback shader 'Universal Render Pipeline/Particles/SimpleLit' not found
Refreshing native plugins compatible for Editor in 1.46 ms, found 1 plugins.
Preloading 0 native plugins for Editor in 0.00 ms.
Unloading 3226 Unused Serialized files (Serialized files now loaded: 0)
System memory in use before: 159.4 MB.
System memory in use after: 159.6 MB.

Unloading 17 unused Assets to reduce memory usage. Loaded Objects now: 3986.
Total: 6.826300 ms (FindLiveObjects: 0.502800 ms CreateObjectMapping: 0.188600 ms MarkObjects: 5.977700 ms  DeleteObjects: 0.154500 ms)

========================================================================
Received Prepare
Registering precompiled user dll's ...
Registered in 0.182446 seconds.
Begin MonoManager ReloadAssembly
Native extension for WindowsStandalone target not found
Refreshing native plugins compatible for Editor in 1.47 ms, found 1 plugins.
Preloading 0 native plugins for Editor in 0.00 ms.
Mono: successfully reloaded assembly
- Completed reload, in  7.047 seconds
Platform modules already initialized, skipping
Shader 'Universal Render Pipeline/Particles/Lit': fallback shader 'Universal Render Pipeline/Particles/SimpleLit' not found
Refreshing native plugins compatible for Editor in 1.88 ms, found 1 plugins.
Preloading 0 native plugins for Editor in 0.00 ms.
Unloading 3226 Unused Serialized files (Serialized files now loaded: 0)
System memory in use before: 159.4 MB.
System memory in use after: 159.6 MB.

Unloading 17 unused Assets to reduce memory usage. Loaded Objects now: 3990.
Total: 6.380700 ms (FindLiveObjects: 0.484100 ms CreateObjectMapping: 0.251800 ms MarkObjects: 5.442900 ms  DeleteObjects: 0.198700 ms)

========================================================================
Received Prepare
Shader 'Universal Render Pipeline/Particles/Lit': fallback shader 'Universal Render Pipeline/Particles/SimpleLit' not found
Refreshing native plugins compatible for Editor in 446.15 ms, found 1 plugins.
Preloading 0 native plugins for Editor in 0.00 ms.
Unloading 14 Unused Serialized files (Serialized files now loaded: 0)
System memory in use before: 96.0 MB.
System memory in use after: 96.2 MB.

Unloading 14 unused Assets to reduce memory usage. Loaded Objects now: 3990.
Total: 6.211400 ms (FindLiveObjects: 0.512600 ms CreateObjectMapping: 0.356600 ms MarkObjects: 5.127000 ms  DeleteObjects: 0.212200 ms)

========================================================================
Received Prepare
Registering precompiled user dll's ...
Registered in 0.512277 seconds.
