Using pre-set license
Built from '2020.3/staging' branch; Version is '2020.3.9f1 (108be757e447) revision 1084391'; Using compiler version '192528614'; Build Type 'Release'
OS: 'Windows 10 Pro; OS build 19042.1110; Version 2009; 64bit' Language: 'es' Physical Memory: 3518 MB
BatchMode: 1, IsHumanControllingUs: 0, StartBugReporterOnCrash: 0, Is64bit: 1, IsPro: 0

 COMMAND LINE ARGUMENTS:
C:\Program Files\Unity\Hub\Editor\2020.3.9f1\Editor\Unity.exe
-adb2
-batchMode
-noUpm
-name
AssetImportWorker1
-projectPath
C:/Games/Sus/Among Us
-logFile
Logs/AssetImportWorker1.log
-srvPort
54879
Successfully changed project path to: C:/Games/Sus/Among Us
C:/Games/Sus/Among Us
Using Asset Import Pipeline V2.
Refreshing native plugins compatible for Editor in 120.89 ms, found 1 plugins.
Preloading 0 native plugins for Editor in 0.00 ms.
Initialize engine version: 2020.3.9f1 (108be757e447)
[Subsystems] Discovering subsystems at path C:/Program Files/Unity/Hub/Editor/2020.3.9f1/Editor/Data/Resources/UnitySubsystems
[Subsystems] Discovering subsystems at path C:/Games/Sus/Among Us/Assets
GfxDevice: creating device client; threaded=0
Direct3D:
    Version:  Direct3D 11.0 [level 11.1]
    Renderer: AMD Radeon(TM) Vega 8 Graphics (ID=0x15dd)
    Vendor:   
    VRAM:     1759 MB
    Driver:   27.20.1020.1
Shader 'Universal Render Pipeline/Particles/Lit': fallback shader 'Universal Render Pipeline/Particles/SimpleLit' not found
Initialize mono
Mono path[0] = 'C:/Program Files/Unity/Hub/Editor/2020.3.9f1/Editor/Data/Managed'
Mono path[1] = 'C:/Program Files/Unity/Hub/Editor/2020.3.9f1/Editor/Data/MonoBleedingEdge/lib/mono/unityjit'
Mono config path = 'C:/Program Files/Unity/Hub/Editor/2020.3.9f1/Editor/Data/MonoBleedingEdge/etc'
Using monoOptions --debugger-agent=transport=dt_socket,embedding=1,server=y,suspend=n,address=127.0.0.1:56908
Begin MonoManager ReloadAssembly
Registering precompiled unity dll's ...
Register platform support module: C:/Program Files/Unity/Hub/Editor/2020.3.9f1/Editor/Data/PlaybackEngines/WindowsStandaloneSupport/UnityEditor.WindowsStandalone.Extensions.dll
Register platform support module: C:/Program Files/Unity/Hub/Editor/2020.3.9f1/Editor/Data/PlaybackEngines/LinuxStandaloneSupport/UnityEditor.LinuxStandalone.Extensions.dll
Registered in 0.004955 seconds.
Native extension for LinuxStandalone target not found
Native extension for WindowsStandalone target not found
Refreshing native plugins compatible for Editor in 114.92 ms, found 1 plugins.
Preloading 0 native plugins for Editor in 0.00 ms.
Mono: successfully reloaded assembly
- Completed reload, in  2.498 seconds
Platform modules already initialized, skipping
Registering precompiled user dll's ...
Registered in 0.015195 seconds.
Begin MonoManager ReloadAssembly
Native extension for LinuxStandalone target not found
Native extension for WindowsStandalone target not found
Refreshing native plugins compatible for Editor in 128.36 ms, found 1 plugins.
Preloading 0 native plugins for Editor in 0.00 ms.
Mono: successfully reloaded assembly
- Completed reload, in  2.644 seconds
Platform modules already initialized, skipping
========================================================================
Worker process is ready to serve import requests
Shader 'Universal Render Pipeline/Particles/Lit': fallback shader 'Universal Render Pipeline/Particles/SimpleLit' not found
Launched and connected shader compiler UnityShaderCompiler.exe after 0.11 seconds
Refreshing native plugins compatible for Editor in 1.16 ms, found 1 plugins.
Preloading 0 native plugins for Editor in 0.00 ms.
Unloading 3412 Unused Serialized files (Serialized files now loaded: 0)
System memory in use before: 166.7 MB.
System memory in use after: 166.9 MB.

Unloading 27 unused Assets to reduce memory usage. Loaded Objects now: 3848.
Total: 4.213900 ms (FindLiveObjects: 0.508500 ms CreateObjectMapping: 0.298700 ms MarkObjects: 3.251700 ms  DeleteObjects: 0.152300 ms)

========================================================================
Received Import Request.
  path: Assets/Resources/TMP Settings.asset
  artifactKey: Guid(c968919b53964bd4eba1c7fe65035f6c) Importer(815301076,1909f56bfc062723c751e8b465ee728b)
Start importing Assets/Resources/TMP Settings.asset using Guid(c968919b53964bd4eba1c7fe65035f6c) Importer(815301076,1909f56bfc062723c751e8b465ee728b)  -> (artifact id: 'dfd8601fdc4e8ee32f3ce9a06b9c9f6f') in 0.090877 seconds
  Import took 0.104132 seconds .

========================================================================
Received Import Request.
  Time since last request: 0.001320 seconds.
  path: Assets/Resources/ControllerGlyphMapAsset.asset
  artifactKey: Guid(b6a6cc6b470c2964abb917fedcf5d8f4) Importer(815301076,1909f56bfc062723c751e8b465ee728b)
Start importing Assets/Resources/ControllerGlyphMapAsset.asset using Guid(b6a6cc6b470c2964abb917fedcf5d8f4) Importer(815301076,1909f56bfc062723c751e8b465ee728b)  -> (artifact id: '64d28d6d5854804eb3e1984725741999') in 0.015408 seconds
  Import took 0.025042 seconds .

========================================================================
Received Import Request.
  Time since last request: 0.001102 seconds.
  path: Assets/Resources/WaitForConnectionDialog.prefab
  artifactKey: Guid(593edbba625246a45a14914d15ed6b25) Importer(815301076,1909f56bfc062723c751e8b465ee728b)
Start importing Assets/Resources/WaitForConnectionDialog.prefab using Guid(593edbba625246a45a14914d15ed6b25) Importer(815301076,1909f56bfc062723c751e8b465ee728b)  -> (artifact id: 'abdc85025c719f49e4572de1e3fb4329') in 0.533792 seconds
  Import took 0.542919 seconds .

========================================================================
Received Import Request.
  Time since last request: 0.000772 seconds.
  path: Assets/1.unity
  artifactKey: Guid(fd65275f35cf6ef4ba06abb98a6d58e6) Importer(815301076,1909f56bfc062723c751e8b465ee728b)
Start importing Assets/1.unity using Guid(fd65275f35cf6ef4ba06abb98a6d58e6) Importer(815301076,1909f56bfc062723c751e8b465ee728b)  -> (artifact id: '4d518584a7612a587e8a2812436f7e87') in 0.023586 seconds
  Import took 0.031488 seconds .

========================================================================
Received Import Request.
  Time since last request: 0.001271 seconds.
  path: Assets/Resources/SpriteAnimController.controller
  artifactKey: Guid(6d71735ae19a5794eb6cc563f423e9af) Importer(815301076,1909f56bfc062723c751e8b465ee728b)
Start importing Assets/Resources/SpriteAnimController.controller using Guid(6d71735ae19a5794eb6cc563f423e9af) Importer(815301076,1909f56bfc062723c751e8b465ee728b)  -> (artifact id: '5f21a0b8e3dcb41bc186a04e4ddbfcaf') in 0.028470 seconds
  Import took 0.041987 seconds .

========================================================================
Received Import Request.
  Time since last request: 0.001143 seconds.
  path: Assets/Resources/sprite assets
  artifactKey: Guid(a5e87a68fd8446841a9ad15e27d3fe0b) Importer(815301076,1909f56bfc062723c751e8b465ee728b)
Start importing Assets/Resources/sprite assets using Guid(a5e87a68fd8446841a9ad15e27d3fe0b) Importer(815301076,1909f56bfc062723c751e8b465ee728b)  -> (artifact id: '39558e7b77c4135fd83d37a78fa98f62') in 0.016914 seconds
  Import took 0.029296 seconds .

========================================================================
Received Import Request.
  Time since last request: 0.001060 seconds.
  path: Assets/Resources/defaultIcon.png
  artifactKey: Guid(acb3dbfe3d76b96479fbc20f904f2a1a) Importer(815301076,1909f56bfc062723c751e8b465ee728b)
Start importing Assets/Resources/defaultIcon.png using Guid(acb3dbfe3d76b96479fbc20f904f2a1a) Importer(815301076,1909f56bfc062723c751e8b465ee728b)  -> (artifact id: '2f074da15f0a88db554649ca871b79e9') in 0.081534 seconds
  Import took 0.090854 seconds .

========================================================================
Received Import Request.
  Time since last request: 0.001417 seconds.
  path: Assets/Resources
  artifactKey: Guid(49a028d71efbfde408d483498c1b281e) Importer(815301076,1909f56bfc062723c751e8b465ee728b)
Start importing Assets/Resources using Guid(49a028d71efbfde408d483498c1b281e) Importer(815301076,1909f56bfc062723c751e8b465ee728b)  -> (artifact id: '7fa86fc0f1c7075fe6786a84e4a33827') in 0.010076 seconds
  Import took 0.021828 seconds .

========================================================================
Received Import Request.
  Time since last request: 1946.053418 seconds.
  path: Assets/Photon/PhotonUnityNetworking
  artifactKey: Guid(d2b6672cc770a19438ff06fcb2637630) Importer(815301076,1909f56bfc062723c751e8b465ee728b)
Start importing Assets/Photon/PhotonUnityNetworking using Guid(d2b6672cc770a19438ff06fcb2637630) Importer(815301076,1909f56bfc062723c751e8b465ee728b)  -> (artifact id: '35ede24a24719380ddefcdd67530cfbd') in 0.068770 seconds
  Import took 0.350030 seconds .

========================================================================
Received Import Request.
  Time since last request: 1.492829 seconds.
  path: Assets/Photon/PhotonUnityNetworking/Resources
  artifactKey: Guid(3ef427585295fc24ab0d1623e3ff3fe8) Importer(815301076,1909f56bfc062723c751e8b465ee728b)
Start importing Assets/Photon/PhotonUnityNetworking/Resources using Guid(3ef427585295fc24ab0d1623e3ff3fe8) Importer(815301076,1909f56bfc062723c751e8b465ee728b)  -> (artifact id: '94f8842dc1ce4e583e0c5b8331843d7e') in 0.008748 seconds
  Import took 0.019069 seconds .

========================================================================
Received Import Request.
  Time since last request: 2.314502 seconds.
  path: Assets/Photon/PhotonUnityNetworking/Resources/Player.prefab
  artifactKey: Guid(4a677baac81fedd468197564a3aac4dd) Importer(815301076,1909f56bfc062723c751e8b465ee728b)
Start importing Assets/Photon/PhotonUnityNetworking/Resources/Player.prefab using Guid(4a677baac81fedd468197564a3aac4dd) Importer(815301076,1909f56bfc062723c751e8b465ee728b)  -> (artifact id: '18263d9909d08c8a4a37b354cf7fa98e') in 0.949830 seconds
  Import took 0.965535 seconds .

========================================================================
Received Import Request.
  Time since last request: 18.480849 seconds.
  path: Assets/Photon/PhotonUnityNetworking/Resources/Player.prefab
  artifactKey: Guid(4a677baac81fedd468197564a3aac4dd) Importer(815301076,1909f56bfc062723c751e8b465ee728b)
Start importing Assets/Photon/PhotonUnityNetworking/Resources/Player.prefab using Guid(4a677baac81fedd468197564a3aac4dd) Importer(815301076,1909f56bfc062723c751e8b465ee728b)  -> (artifact id: 'd27ef2b6b69dae7f46ad4f9ebf8f8a4e') in 0.056876 seconds
  Import took 0.068896 seconds .

========================================================================
Received Import Request.
  Time since last request: 0.775142 seconds.
  path: Assets/Photon/PhotonUnityNetworking/Resources/Player.prefab
  artifactKey: Guid(4a677baac81fedd468197564a3aac4dd) Importer(815301076,1909f56bfc062723c751e8b465ee728b)
Start importing Assets/Photon/PhotonUnityNetworking/Resources/Player.prefab using Guid(4a677baac81fedd468197564a3aac4dd) Importer(815301076,1909f56bfc062723c751e8b465ee728b)  -> (artifact id: '3d129ab3513ad7308092072a4fee5532') in 0.082642 seconds
  Import took 0.092292 seconds .

========================================================================
Received Import Request.
  Time since last request: 2.076981 seconds.
  path: Assets/Photon/PhotonUnityNetworking/Resources/Player.prefab
  artifactKey: Guid(4a677baac81fedd468197564a3aac4dd) Importer(815301076,1909f56bfc062723c751e8b465ee728b)
Start importing Assets/Photon/PhotonUnityNetworking/Resources/Player.prefab using Guid(4a677baac81fedd468197564a3aac4dd) Importer(815301076,1909f56bfc062723c751e8b465ee728b)  -> (artifact id: '0e6a7c5143d0ec2466a53a30dfbf4f49') in 0.044217 seconds
  Import took 0.055919 seconds .

========================================================================
Received Import Request.
  Time since last request: 4.315930 seconds.
  path: Assets/Photon/PhotonUnityNetworking/Resources/Player.prefab
  artifactKey: Guid(4a677baac81fedd468197564a3aac4dd) Importer(815301076,1909f56bfc062723c751e8b465ee728b)
Start importing Assets/Photon/PhotonUnityNetworking/Resources/Player.prefab using Guid(4a677baac81fedd468197564a3aac4dd) Importer(815301076,1909f56bfc062723c751e8b465ee728b)  -> (artifact id: 'aaa125904b28db26421ab113b727e6e5') in 0.039742 seconds
  Import took 0.049501 seconds .

========================================================================
Received Import Request.
  Time since last request: 0.004605 seconds.
  path: Assets/Photon/PhotonUnityNetworking/Resources/Player.prefab
  artifactKey: Guid(4a677baac81fedd468197564a3aac4dd) Importer(815301076,1909f56bfc062723c751e8b465ee728b)
Start importing Assets/Photon/PhotonUnityNetworking/Resources/Player.prefab using Guid(4a677baac81fedd468197564a3aac4dd) Importer(815301076,1909f56bfc062723c751e8b465ee728b)  -> (artifact id: 'aaa125904b28db26421ab113b727e6e5') in 0.039214 seconds
  Import took 0.047941 seconds .

========================================================================
Received Import Request.
  Time since last request: 5.865106 seconds.
  path: Assets/Photon/PhotonUnityNetworking/Resources/Player.prefab
  artifactKey: Guid(4a677baac81fedd468197564a3aac4dd) Importer(815301076,1909f56bfc062723c751e8b465ee728b)
Start importing Assets/Photon/PhotonUnityNetworking/Resources/Player.prefab using Guid(4a677baac81fedd468197564a3aac4dd) Importer(815301076,1909f56bfc062723c751e8b465ee728b)  -> (artifact id: 'e85855952221b0c3ebbc309768dd4fd2') in 0.039315 seconds
  Import took 0.053199 seconds .

========================================================================
Received Import Request.
  Time since last request: 1.172765 seconds.
  path: Assets/Photon/PhotonUnityNetworking/Resources/Player.prefab
  artifactKey: Guid(4a677baac81fedd468197564a3aac4dd) Importer(815301076,1909f56bfc062723c751e8b465ee728b)
Start importing Assets/Photon/PhotonUnityNetworking/Resources/Player.prefab using Guid(4a677baac81fedd468197564a3aac4dd) Importer(815301076,1909f56bfc062723c751e8b465ee728b)  -> (artifact id: '887d1b0339982878a623eaf106ea9657') in 0.048067 seconds
  Import took 0.057379 seconds .

========================================================================
Received Prepare
Shader 'Universal Render Pipeline/Particles/Lit': fallback shader 'Universal Render Pipeline/Particles/SimpleLit' not found
Refreshing native plugins compatible for Editor in 30.85 ms, found 1 plugins.
Preloading 0 native plugins for Editor in 0.00 ms.
Unloading 12 Unused Serialized files (Serialized files now loaded: 0)
System memory in use before: 99.5 MB.
System memory in use after: 99.7 MB.

Unloading 12 unused Assets to reduce memory usage. Loaded Objects now: 3916.
Total: 260.942200 ms (FindLiveObjects: 3.455600 ms CreateObjectMapping: 0.262800 ms MarkObjects: 256.177800 ms  DeleteObjects: 0.460500 ms)

========================================================================
Received Prepare
Shader 'Universal Render Pipeline/Particles/Lit': fallback shader 'Universal Render Pipeline/Particles/SimpleLit' not found
Refreshing native plugins compatible for Editor in 21.19 ms, found 1 plugins.
Preloading 0 native plugins for Editor in 0.00 ms.
Unloading 12 Unused Serialized files (Serialized files now loaded: 0)
System memory in use before: 99.8 MB.
System memory in use after: 100.0 MB.

Unloading 12 unused Assets to reduce memory usage. Loaded Objects now: 3916.
Total: 167.957600 ms (FindLiveObjects: 3.302900 ms CreateObjectMapping: 0.230100 ms MarkObjects: 164.300900 ms  DeleteObjects: 0.116100 ms)

========================================================================
Received Prepare
Registering precompiled user dll's ...
Registered in 1.119233 seconds.
Begin MonoManager ReloadAssembly
Native extension for LinuxStandalone target not found
Native extension for WindowsStandalone target not found
Refreshing native plugins compatible for Editor in 1.13 ms, found 1 plugins.
Preloading 0 native plugins for Editor in 0.00 ms.
Mono: successfully reloaded assembly
- Completed reload, in  2.858 seconds
Platform modules already initialized, skipping
Shader 'Universal Render Pipeline/Particles/Lit': fallback shader 'Universal Render Pipeline/Particles/SimpleLit' not found
Refreshing native plugins compatible for Editor in 0.97 ms, found 1 plugins.
Preloading 0 native plugins for Editor in 0.00 ms.
Unloading 3225 Unused Serialized files (Serialized files now loaded: 0)
System memory in use before: 157.6 MB.
System memory in use after: 157.8 MB.

Unloading 15 unused Assets to reduce memory usage. Loaded Objects now: 3899.
Total: 4.452900 ms (FindLiveObjects: 0.460600 ms CreateObjectMapping: 0.116600 ms MarkObjects: 3.840700 ms  DeleteObjects: 0.032800 ms)

