Using pre-set license
Built from '2020.3/staging' branch; Version is '2020.3.9f1 (108be757e447) revision 1084391'; Using compiler version '192528614'; Build Type 'Release'
OS: 'Windows 10 Pro; OS build 19042.1288; Version 2009; 64bit' Language: 'es' Physical Memory: 4010 MB
BatchMode: 1, IsHumanControllingUs: 0, StartBugReporterOnCrash: 0, Is64bit: 1, IsPro: 0

 COMMAND LINE ARGUMENTS:
C:\Program Files\Unity\Hub\Editor\2020.3.9f1\Editor\Unity.exe
-adb2
-batchMode
-noUpm
-name
AssetImportWorker6
-projectPath
C:/Users/Martin/Documents/GitHub/Sus/Among Us
-logFile
Logs/AssetImportWorker6.log
-srvPort
61338
Successfully changed project path to: C:/Users/Martin/Documents/GitHub/Sus/Among Us
C:/Users/Martin/Documents/GitHub/Sus/Among Us
Using Asset Import Pipeline V2.
Refreshing native plugins compatible for Editor in 370.66 ms, found 1 plugins.
Preloading 0 native plugins for Editor in 0.00 ms.
Initialize engine version: 2020.3.9f1 (108be757e447)
[Subsystems] Discovering subsystems at path C:/Program Files/Unity/Hub/Editor/2020.3.9f1/Editor/Data/Resources/UnitySubsystems
[Subsystems] Discovering subsystems at path C:/Users/Martin/Documents/GitHub/Sus/Among Us/Assets
GfxDevice: creating device client; threaded=0
Direct3D:
    Version:  Direct3D 11.0 [level 11.0]
    Renderer: NVIDIA GeForce GT 525M (ID=0xdf5)
    Vendor:   
    VRAM:     963 MB
    Driver:   23.21.13.9135
Shader 'Universal Render Pipeline/Particles/Lit': fallback shader 'Universal Render Pipeline/Particles/SimpleLit' not found
Initialize mono
Mono path[0] = 'C:/Program Files/Unity/Hub/Editor/2020.3.9f1/Editor/Data/Managed'
Mono path[1] = 'C:/Program Files/Unity/Hub/Editor/2020.3.9f1/Editor/Data/MonoBleedingEdge/lib/mono/unityjit'
Mono config path = 'C:/Program Files/Unity/Hub/Editor/2020.3.9f1/Editor/Data/MonoBleedingEdge/etc'
Using monoOptions --debugger-agent=transport=dt_socket,embedding=1,server=y,suspend=n,address=127.0.0.1:56948
Begin MonoManager ReloadAssembly
Registering precompiled unity dll's ...
Register platform support module: C:/Program Files/Unity/Hub/Editor/2020.3.9f1/Editor/Data/PlaybackEngines/WindowsStandaloneSupport/UnityEditor.WindowsStandalone.Extensions.dll
Registered in 0.003215 seconds.
Native extension for WindowsStandalone target not found
Refreshing native plugins compatible for Editor in 234.23 ms, found 1 plugins.
Preloading 0 native plugins for Editor in 0.00 ms.
Mono: successfully reloaded assembly
- Completed reload, in  3.566 seconds
Platform modules already initialized, skipping
Registering precompiled user dll's ...
Registered in 0.007067 seconds.
Begin MonoManager ReloadAssembly
Native extension for WindowsStandalone target not found
Refreshing native plugins compatible for Editor in 277.99 ms, found 1 plugins.
Preloading 0 native plugins for Editor in 0.00 ms.
Mono: successfully reloaded assembly
- Completed reload, in  6.257 seconds
Platform modules already initialized, skipping
========================================================================
Worker process is ready to serve import requests
Shader 'Universal Render Pipeline/Particles/Lit': fallback shader 'Universal Render Pipeline/Particles/SimpleLit' not found
Launched and connected shader compiler UnityShaderCompiler.exe after 0.49 seconds
Refreshing native plugins compatible for Editor in 2.35 ms, found 1 plugins.
Preloading 0 native plugins for Editor in 0.00 ms.
Unloading 3410 Unused Serialized files (Serialized files now loaded: 0)
System memory in use before: 167.6 MB.
System memory in use after: 167.7 MB.

Unloading 29 unused Assets to reduce memory usage. Loaded Objects now: 3850.
Total: 7.434600 ms (FindLiveObjects: 0.877700 ms CreateObjectMapping: 0.438800 ms MarkObjects: 5.688200 ms  DeleteObjects: 0.425900 ms)

========================================================================
Received Import Request.
  path: Assets/Texture2D/mod.png
  artifactKey: Guid(2d68044f1a7c13c43ab25620f2e2c5bc) Importer(815301076,1909f56bfc062723c751e8b465ee728b)
Start importing Assets/Texture2D/mod.png using Guid(2d68044f1a7c13c43ab25620f2e2c5bc) Importer(815301076,1909f56bfc062723c751e8b465ee728b)  -> (artifact id: '7cd0481cef7b570a5a81975c66e28444') in 1.239228 seconds
  Import took 1.286817 seconds .

========================================================================
Received Import Request.
  Time since last request: 0.000380 seconds.
  path: Assets/Texture2D/Temp.png
  artifactKey: Guid(2d885951e21fe3e4f8aa32a721206df2) Importer(815301076,1909f56bfc062723c751e8b465ee728b)
Start importing Assets/Texture2D/Temp.png using Guid(2d885951e21fe3e4f8aa32a721206df2) Importer(815301076,1909f56bfc062723c751e8b465ee728b)  -> (artifact id: 'b28c97803edb3ee98ab32a2a096355d0') in 0.335772 seconds
  Import took 0.402100 seconds .

========================================================================
Received Import Request.
  Time since last request: 0.000398 seconds.
  path: Assets/Texture2D/Weapons.png
  artifactKey: Guid(9f8c5afb32f21a841b8867cc47563dbf) Importer(815301076,1909f56bfc062723c751e8b465ee728b)
Start importing Assets/Texture2D/Weapons.png using Guid(9f8c5afb32f21a841b8867cc47563dbf) Importer(815301076,1909f56bfc062723c751e8b465ee728b)  -> (artifact id: '09d99575a654096c5400bdd0cb35dec5') in 1.008805 seconds
  Import took 1.152315 seconds .

========================================================================
Received Import Request.
  Time since last request: 0.000403 seconds.
  path: Assets/Texture2D/weather1.png
  artifactKey: Guid(3b17dce449713d44eb0f392a3795ee38) Importer(815301076,1909f56bfc062723c751e8b465ee728b)
Start importing Assets/Texture2D/weather1.png using Guid(3b17dce449713d44eb0f392a3795ee38) Importer(815301076,1909f56bfc062723c751e8b465ee728b)  -> (artifact id: '442ebb3eb46554abfd0f6eea1b89371b') in 0.164824 seconds
  Import took 0.185197 seconds .

========================================================================
Received Import Request.
  Time since last request: 0.000399 seconds.
  path: Assets/Texture2D/weather1_0.png
  artifactKey: Guid(ed02530486d0e0f4ab70b072187f3ade) Importer(815301076,1909f56bfc062723c751e8b465ee728b)
Start importing Assets/Texture2D/weather1_0.png using Guid(ed02530486d0e0f4ab70b072187f3ade) Importer(815301076,1909f56bfc062723c751e8b465ee728b)  -> (artifact id: '3c7d651d37ec5ced4232113b327f010f') in 0.397168 seconds
  Import took 0.450620 seconds .

========================================================================
Received Import Request.
  Time since last request: 0.000441 seconds.
  path: Assets/Texture2D/UISpin.png
  artifactKey: Guid(6c0606ec9c2d1394ab4cdd6572a7e986) Importer(815301076,1909f56bfc062723c751e8b465ee728b)
Start importing Assets/Texture2D/UISpin.png using Guid(6c0606ec9c2d1394ab4cdd6572a7e986) Importer(815301076,1909f56bfc062723c751e8b465ee728b)  -> (artifact id: '75e9fef60f9df7571899d71eeb53ba61') in 0.184938 seconds
  Import took 0.213299 seconds .

========================================================================
Received Import Request.
  Time since last request: 0.000426 seconds.
  path: Assets/Texture2D/twitchAppButton.png
  artifactKey: Guid(1b0194f22f26cb144b08ac252ffad276) Importer(815301076,1909f56bfc062723c751e8b465ee728b)
Start importing Assets/Texture2D/twitchAppButton.png using Guid(1b0194f22f26cb144b08ac252ffad276) Importer(815301076,1909f56bfc062723c751e8b465ee728b)  -> (artifact id: 'f80e522d2f581de376e147b00ae2c378') in 0.258944 seconds
  Import took 0.290105 seconds .

========================================================================
Received Import Request.
  Time since last request: 0.000451 seconds.
  path: Assets/Texture2D/weather2.png
  artifactKey: Guid(fc0c0db0af6e6ab4bbda22dc6f8be10a) Importer(815301076,1909f56bfc062723c751e8b465ee728b)
Start importing Assets/Texture2D/weather2.png using Guid(fc0c0db0af6e6ab4bbda22dc6f8be10a) Importer(815301076,1909f56bfc062723c751e8b465ee728b)  -> (artifact id: '747adb8117ca92cb66d033611a34cde9') in 0.221535 seconds
  Import took 0.266473 seconds .

========================================================================
Received Import Request.
  Time since last request: 0.000528 seconds.
  path: Assets/Texture2D/PlayerHands.png
  artifactKey: Guid(99a8c51c0beacef498a7ba44f43bb748) Importer(815301076,1909f56bfc062723c751e8b465ee728b)
Start importing Assets/Texture2D/PlayerHands.png using Guid(99a8c51c0beacef498a7ba44f43bb748) Importer(815301076,1909f56bfc062723c751e8b465ee728b)  -> (artifact id: '06ff2037037b3c799e4ad35b0fc8bdd0') in 0.262092 seconds
  Import took 0.343821 seconds .

========================================================================
Received Import Request.
  Time since last request: 0.000394 seconds.
  path: Assets/Texture2D/ToiletTask.png
  artifactKey: Guid(e1e2f653d673b64439dd8b48f782c8f8) Importer(815301076,1909f56bfc062723c751e8b465ee728b)
Start importing Assets/Texture2D/ToiletTask.png using Guid(e1e2f653d673b64439dd8b48f782c8f8) Importer(815301076,1909f56bfc062723c751e8b465ee728b)  -> (artifact id: '3c6942a2a8314222980e276a2c695415') in 0.416224 seconds
  Import took 0.428900 seconds .

========================================================================
Received Import Request.
  Time since last request: 0.000421 seconds.
  path: Assets/Texture2D/PlayerAnimations_0.png
  artifactKey: Guid(f2d94cbb0b162b042a817b729c0f95aa) Importer(815301076,1909f56bfc062723c751e8b465ee728b)
Start importing Assets/Texture2D/PlayerAnimations_0.png using Guid(f2d94cbb0b162b042a817b729c0f95aa) Importer(815301076,1909f56bfc062723c751e8b465ee728b)  -> (artifact id: 'd76ae1424a0f9d11984ecc9068221dfc') in 1.538269 seconds
  Import took 1.579568 seconds .

========================================================================
Received Import Request.
  Time since last request: 0.000543 seconds.
  path: Assets/Texture2D/UI_Btn_Keyboard.png
  artifactKey: Guid(b921591f5124d9e48b4d64e41cfb011e) Importer(815301076,1909f56bfc062723c751e8b465ee728b)
Start importing Assets/Texture2D/UI_Btn_Keyboard.png using Guid(b921591f5124d9e48b4d64e41cfb011e) Importer(815301076,1909f56bfc062723c751e8b465ee728b)  -> (artifact id: '6d92c3e58946bf263d65c0f2e9b31313') in 0.145287 seconds
  Import took 0.189003 seconds .

========================================================================
Received Import Request.
  Time since last request: 0.000826 seconds.
  path: Assets/Texture2D/RadialMenuRamp.png
  artifactKey: Guid(8930d1b7864a44346a00d7aee052ef79) Importer(815301076,1909f56bfc062723c751e8b465ee728b)
Start importing Assets/Texture2D/RadialMenuRamp.png using Guid(8930d1b7864a44346a00d7aee052ef79) Importer(815301076,1909f56bfc062723c751e8b465ee728b)  -> (artifact id: 'a540356a9588c78043c78926bd3a47c4') in 0.105005 seconds
  Import took 0.147428 seconds .

========================================================================
Received Import Request.
  Time since last request: 0.000394 seconds.
  path: Assets/Texture2D/PlayerAnimations.png
  artifactKey: Guid(ec8eab136fcc1a44eaf87305bfbc9140) Importer(815301076,1909f56bfc062723c751e8b465ee728b)
Start importing Assets/Texture2D/PlayerAnimations.png using Guid(ec8eab136fcc1a44eaf87305bfbc9140) Importer(815301076,1909f56bfc062723c751e8b465ee728b)  -> (artifact id: '233119410340ab3453ca1e145bd0b13e') in 1.561762 seconds
  Import took 1.621985 seconds .

========================================================================
Received Import Request.
  Time since last request: 0.000441 seconds.
  path: Assets/Texture2D/map4_airship.png
  artifactKey: Guid(c4547de47e8427540871ca199c8995e4) Importer(815301076,1909f56bfc062723c751e8b465ee728b)
Start importing Assets/Texture2D/map4_airship.png using Guid(c4547de47e8427540871ca199c8995e4) Importer(815301076,1909f56bfc062723c751e8b465ee728b)  -> (artifact id: 'e144b2ee46141c6b3e43a58c689376c5') in 0.135430 seconds
  Import took 0.164874 seconds .

========================================================================
Received Import Request.
  Time since last request: 0.000355 seconds.
  path: Assets/Texture2D/TowelMinigame.png
  artifactKey: Guid(e8fd5df2924a52848953090d6668d52c) Importer(815301076,1909f56bfc062723c751e8b465ee728b)
Start importing Assets/Texture2D/TowelMinigame.png using Guid(e8fd5df2924a52848953090d6668d52c) Importer(815301076,1909f56bfc062723c751e8b465ee728b)  -> (artifact id: '2f5a4cc8843ad3c4860187723606015c') in 0.149312 seconds
  Import took 0.185024 seconds .

========================================================================
Received Import Request.
  Time since last request: 0.000507 seconds.
  path: Assets/Texture2D/vault.png
  artifactKey: Guid(6f0ec26921c04c249b66f31829796a1e) Importer(815301076,1909f56bfc062723c751e8b465ee728b)
Start importing Assets/Texture2D/vault.png using Guid(6f0ec26921c04c249b66f31829796a1e) Importer(815301076,1909f56bfc062723c751e8b465ee728b)  -> (artifact id: 'bcec85f0195d6de2504caec049b3ac8e') in 0.517318 seconds
  Import took 0.563650 seconds .

========================================================================
Received Import Request.
  Time since last request: 0.000376 seconds.
  path: Assets/Texture2D/PlanetSprites2.png
  artifactKey: Guid(418b81bdf434b434cbc2a8b424ace768) Importer(815301076,1909f56bfc062723c751e8b465ee728b)
Start importing Assets/Texture2D/PlanetSprites2.png using Guid(418b81bdf434b434cbc2a8b424ace768) Importer(815301076,1909f56bfc062723c751e8b465ee728b)  -> (artifact id: '7675204b2505f70f2479d98c8b30f3ee') in 0.605144 seconds
  Import took 0.618763 seconds .

========================================================================
Received Import Request.
  Time since last request: 0.000365 seconds.
  path: Assets/Texture2D/ElecLever.png
  artifactKey: Guid(1d0e08ded4918a847a5f993368a68b10) Importer(815301076,1909f56bfc062723c751e8b465ee728b)
Start importing Assets/Texture2D/ElecLever.png using Guid(1d0e08ded4918a847a5f993368a68b10) Importer(815301076,1909f56bfc062723c751e8b465ee728b)  -> (artifact id: '1065a578736d9560eb85bb28ed34eeed') in 0.241880 seconds
  Import took 0.284842 seconds .

========================================================================
Received Import Request.
  Time since last request: 0.000387 seconds.
  path: Assets/Texture2D/Police.png
  artifactKey: Guid(74fb920e3766d0240a0d5105ab5ae303) Importer(815301076,1909f56bfc062723c751e8b465ee728b)
Start importing Assets/Texture2D/Police.png using Guid(74fb920e3766d0240a0d5105ab5ae303) Importer(815301076,1909f56bfc062723c751e8b465ee728b)  -> (artifact id: 'b3d33324678cec2c451184112c4e31c6') in 6.002056 seconds
  Import took 6.098345 seconds .

========================================================================
Received Import Request.
  Time since last request: 0.001738 seconds.
  path: Assets/Texture2D/WiresPanel.png
  artifactKey: Guid(fdeb518fef6d30143959a44fe328c475) Importer(815301076,1909f56bfc062723c751e8b465ee728b)
Start importing Assets/Texture2D/WiresPanel.png using Guid(fdeb518fef6d30143959a44fe328c475) Importer(815301076,1909f56bfc062723c751e8b465ee728b)  -> (artifact id: 'e8bea789bf28abede64767e974279496') in 0.369469 seconds
  Import took 0.430508 seconds .

========================================================================
Received Import Request.
  Time since last request: 0.000453 seconds.
  path: Assets/Texture2D/Weather.png
  artifactKey: Guid(0424920b238276d409d62ae596895d47) Importer(815301076,1909f56bfc062723c751e8b465ee728b)
Start importing Assets/Texture2D/Weather.png using Guid(0424920b238276d409d62ae596895d47) Importer(815301076,1909f56bfc062723c751e8b465ee728b)  -> (artifact id: 'b6b902e82b1335af25d21311fbabf6c2') in 0.467500 seconds
  Import took 0.522194 seconds .

========================================================================
Received Import Request.
  Time since last request: 0.000383 seconds.
  path: Assets/Texture2D/Telescope.png
  artifactKey: Guid(20dbc600ed7e7aa41b975019a523d1d5) Importer(815301076,1909f56bfc062723c751e8b465ee728b)
Start importing Assets/Texture2D/Telescope.png using Guid(20dbc600ed7e7aa41b975019a523d1d5) Importer(815301076,1909f56bfc062723c751e8b465ee728b)  -> (artifact id: '38ae9633e403baaae062def54354b007') in 0.363124 seconds
  Import took 0.448768 seconds .

========================================================================
Received Import Request.
  Time since last request: 0.000355 seconds.
  path: Assets/Texture2D/Winter.png
  artifactKey: Guid(968450da72c0f464fbc411b1a25c42d5) Importer(815301076,1909f56bfc062723c751e8b465ee728b)
Start importing Assets/Texture2D/Winter.png using Guid(968450da72c0f464fbc411b1a25c42d5) Importer(815301076,1909f56bfc062723c751e8b465ee728b)  -> (artifact id: 'e370b241acb9b9890392638b1a748a75') in 5.905677 seconds
  Import took 5.991786 seconds .

========================================================================
Received Import Request.
  Time since last request: 0.000438 seconds.
  path: Assets/Texture2D/Vending.png
  artifactKey: Guid(b82194daed26d084da8b5c6a67044c23) Importer(815301076,1909f56bfc062723c751e8b465ee728b)
Start importing Assets/Texture2D/Vending.png using Guid(b82194daed26d084da8b5c6a67044c23) Importer(815301076,1909f56bfc062723c751e8b465ee728b)  -> (artifact id: '2ffbae37a1aa16b87a92e5c3dc440b0e') in 0.467157 seconds
  Import took 0.529249 seconds .

========================================================================
Received Import Request.
  Time since last request: 0.000474 seconds.
  path: Assets/Texture2D/VentCleaning.png
  artifactKey: Guid(c35f5bdac0aa4c14bb651f5db6f18dfd) Importer(815301076,1909f56bfc062723c751e8b465ee728b)
Start importing Assets/Texture2D/VentCleaning.png using Guid(c35f5bdac0aa4c14bb651f5db6f18dfd) Importer(815301076,1909f56bfc062723c751e8b465ee728b)  -> (artifact id: '98498d8d060f54bcb73059ad8dffa8f3') in 0.401192 seconds
  Import took 0.479571 seconds .

========================================================================
Received Import Request.
  Time since last request: 0.000433 seconds.
  path: Assets/Texture2D/UnlockManifolds.png
  artifactKey: Guid(554b1765b5e3d5b42a69b4f37ce755da) Importer(815301076,1909f56bfc062723c751e8b465ee728b)
Start importing Assets/Texture2D/UnlockManifolds.png using Guid(554b1765b5e3d5b42a69b4f37ce755da) Importer(815301076,1909f56bfc062723c751e8b465ee728b)  -> (artifact id: '7de3fb37d51b572bfb8318a0326398de') in 0.246630 seconds
  Import took 0.275367 seconds .

========================================================================
Received Import Request.
  Time since last request: 0.000865 seconds.
  path: Assets/Texture2D/WashUp.png
  artifactKey: Guid(e7e12271582861f49b12ab9cccd08105) Importer(815301076,1909f56bfc062723c751e8b465ee728b)
Start importing Assets/Texture2D/WashUp.png using Guid(e7e12271582861f49b12ab9cccd08105) Importer(815301076,1909f56bfc062723c751e8b465ee728b)  -> (artifact id: 'beb09c326504cc3c645090e17cefd436') in 0.437740 seconds
  Import took 0.475938 seconds .

========================================================================
Received Import Request.
  Time since last request: 0.000431 seconds.
  path: Assets/Texture2D/VotingScreen.png
  artifactKey: Guid(8c3e4f4031782da4690af6d0eb80aece) Importer(815301076,1909f56bfc062723c751e8b465ee728b)
Start importing Assets/Texture2D/VotingScreen.png using Guid(8c3e4f4031782da4690af6d0eb80aece) Importer(815301076,1909f56bfc062723c751e8b465ee728b)  -> (artifact id: 'd153f35e6f597d8b7b1afb365bd1c4ed') in 0.375516 seconds
  Import took 0.422158 seconds .

========================================================================
Received Import Request.
  Time since last request: 0.000355 seconds.
  path: Assets/Texture2D/VCR SDF Atlas.png
  artifactKey: Guid(3f0e17bc93e610c4bab4ad05fa6b9e6e) Importer(815301076,1909f56bfc062723c751e8b465ee728b)
Start importing Assets/Texture2D/VCR SDF Atlas.png using Guid(3f0e17bc93e610c4bab4ad05fa6b9e6e) Importer(815301076,1909f56bfc062723c751e8b465ee728b)  -> (artifact id: 'b7b931ba74aaada201ec792903dc379f') in 0.171946 seconds
  Import took 0.200060 seconds .

========================================================================
Received Import Request.
  Time since last request: 0.000647 seconds.
  path: Assets/Texture2D/UploadData_1.png
  artifactKey: Guid(33d58d5670a020541a72d05238a59812) Importer(815301076,1909f56bfc062723c751e8b465ee728b)
Start importing Assets/Texture2D/UploadData_1.png using Guid(33d58d5670a020541a72d05238a59812) Importer(815301076,1909f56bfc062723c751e8b465ee728b)  -> (artifact id: '1b74465efd833ff46f2da2b61f80a47f') in 0.188596 seconds
  Import took 0.238361 seconds .

========================================================================
Received Import Request.
  Time since last request: 0.000456 seconds.
  path: Assets/Texture2D/Weapons_0.png
  artifactKey: Guid(8102565a0ee04ab4eb432658eff95f92) Importer(815301076,1909f56bfc062723c751e8b465ee728b)
Start importing Assets/Texture2D/Weapons_0.png using Guid(8102565a0ee04ab4eb432658eff95f92) Importer(815301076,1909f56bfc062723c751e8b465ee728b)  -> (artifact id: '39515184f1f468486fb72b0cfb96dd46') in 0.434324 seconds
  Import took 0.472824 seconds .

========================================================================
Received Import Request.
  Time since last request: 0.000409 seconds.
  path: Assets/Texture2D/UploadData_0.png
  artifactKey: Guid(79d821fa7a2f5dc49833345f5aeba004) Importer(815301076,1909f56bfc062723c751e8b465ee728b)
Start importing Assets/Texture2D/UploadData_0.png using Guid(79d821fa7a2f5dc49833345f5aeba004) Importer(815301076,1909f56bfc062723c751e8b465ee728b)  -> (artifact id: '736b32836d36fb459fd0641562feecfe') in 0.254013 seconds
  Import took 0.291760 seconds .

========================================================================
Received Import Request.
  Time since last request: 0.001387 seconds.
  path: Assets/Texture2D/prisoner.png
  artifactKey: Guid(a0a9efc3e4a13b1479694fa747ecc62e) Importer(815301076,1909f56bfc062723c751e8b465ee728b)
Start importing Assets/Texture2D/prisoner.png using Guid(a0a9efc3e4a13b1479694fa747ecc62e) Importer(815301076,1909f56bfc062723c751e8b465ee728b)  -> (artifact id: '229db87f3505a18a3638485d5f95649f') in 4.445372 seconds
  Import took 4.535254 seconds .

========================================================================
Received Import Request.
  Time since last request: 0.000738 seconds.
  path: Assets/Texture2D/Radio.png
  artifactKey: Guid(95cae6a1347b6bc4c9914a8d628fe919) Importer(815301076,1909f56bfc062723c751e8b465ee728b)
Start importing Assets/Texture2D/Radio.png using Guid(95cae6a1347b6bc4c9914a8d628fe919) Importer(815301076,1909f56bfc062723c751e8b465ee728b)  -> (artifact id: '1576b002959d9fce67efb3b5f5fba9c3') in 0.163591 seconds
  Import took 0.203906 seconds .

========================================================================
Received Import Request.
  Time since last request: 0.000411 seconds.
  path: Assets/Texture2D/PolishRuby.png
  artifactKey: Guid(74cbcdd94c7cf994581eda8d11c38e9a) Importer(815301076,1909f56bfc062723c751e8b465ee728b)
Start importing Assets/Texture2D/PolishRuby.png using Guid(74cbcdd94c7cf994581eda8d11c38e9a) Importer(815301076,1909f56bfc062723c751e8b465ee728b)  -> (artifact id: '200862312e13aa26a5e68597bafef8c4') in 0.259435 seconds
  Import took 0.297366 seconds .

========================================================================
Received Import Request.
  Time since last request: 0.000398 seconds.
  path: Assets/Texture2D/MainScreenCrew.png
  artifactKey: Guid(d2bdb328a884e8a4d8ef3617a398afda) Importer(815301076,1909f56bfc062723c751e8b465ee728b)
Start importing Assets/Texture2D/MainScreenCrew.png using Guid(d2bdb328a884e8a4d8ef3617a398afda) Importer(815301076,1909f56bfc062723c751e8b465ee728b)  -> (artifact id: 'fa152beeb75251d5de71451dd17226ea') in 0.145846 seconds
  Import took 0.197253 seconds .

========================================================================
Received Import Request.
  Time since last request: 0.000774 seconds.
  path: Assets/Texture2D/Vitals.png
  artifactKey: Guid(ced35d7235bf743479797499a1900f0a) Importer(815301076,1909f56bfc062723c751e8b465ee728b)
Start importing Assets/Texture2D/Vitals.png using Guid(ced35d7235bf743479797499a1900f0a) Importer(815301076,1909f56bfc062723c751e8b465ee728b)  -> (artifact id: '801cf4bfb02c9b321a99284d7815f71b') in 0.195299 seconds
  Import took 0.222763 seconds .

========================================================================
Received Import Request.
  Time since last request: 0.000366 seconds.
  path: Assets/Texture2D/UI_Btn_ChatWheel.png
  artifactKey: Guid(f847eb331ef51eb41a574b9c9ed71521) Importer(815301076,1909f56bfc062723c751e8b465ee728b)
Start importing Assets/Texture2D/UI_Btn_ChatWheel.png using Guid(f847eb331ef51eb41a574b9c9ed71521) Importer(815301076,1909f56bfc062723c751e8b465ee728b)  -> (artifact id: '4d7b2d58d8f972d92446731ec5a7f603') in 0.106179 seconds
  Import took 0.134336 seconds .

========================================================================
Received Import Request.
  Time since last request: 0.000362 seconds.
  path: Assets/Texture2D/WaterWheel.png
  artifactKey: Guid(7a22a55e370389e47b2e90be19c5e191) Importer(815301076,1909f56bfc062723c751e8b465ee728b)
Start importing Assets/Texture2D/WaterWheel.png using Guid(7a22a55e370389e47b2e90be19c5e191) Importer(815301076,1909f56bfc062723c751e8b465ee728b)  -> (artifact id: '076aea36678582870687cf6d5201fd1b') in 0.328986 seconds
  Import took 0.345483 seconds .

========================================================================
Received Import Request.
  Time since last request: 0.000360 seconds.
  path: Assets/Texture2D/Ventilation.png
  artifactKey: Guid(d0b554df3eff1094ca9563fc668a6c12) Importer(815301076,1909f56bfc062723c751e8b465ee728b)
Start importing Assets/Texture2D/Ventilation.png using Guid(d0b554df3eff1094ca9563fc668a6c12) Importer(815301076,1909f56bfc062723c751e8b465ee728b)  -> (artifact id: 'b77cbc44f72c7c50cd87c3fddc91fddf') in 0.160396 seconds
  Import took 0.179280 seconds .

========================================================================
Received Import Request.
  Time since last request: 0.000410 seconds.
  path: Assets/Texture2D/reactorMeltdown_glowBar.png
  artifactKey: Guid(91944477f79865042938d00cfd47de6e) Importer(815301076,1909f56bfc062723c751e8b465ee728b)
Start importing Assets/Texture2D/reactorMeltdown_glowBar.png using Guid(91944477f79865042938d00cfd47de6e) Importer(815301076,1909f56bfc062723c751e8b465ee728b)  -> (artifact id: '392e271ad2c9d37cdedd9164bafa5bf9') in 0.118335 seconds
  Import took 0.136249 seconds .

========================================================================
Received Import Request.
  Time since last request: 0.000384 seconds.
  path: Assets/Texture2D/Wall.png
  artifactKey: Guid(5ec320aec04e40b40863d6b011ab3fd9) Importer(815301076,1909f56bfc062723c751e8b465ee728b)
Start importing Assets/Texture2D/Wall.png using Guid(5ec320aec04e40b40863d6b011ab3fd9) Importer(815301076,1909f56bfc062723c751e8b465ee728b)  -> (artifact id: '14006aa354294e79b51b2ca442dd6cc1') in 4.848296 seconds
  Import took 4.894432 seconds .

========================================================================
Received Import Request.
  Time since last request: 0.000367 seconds.
  path: Assets/Texture2D/Wifi.png
  artifactKey: Guid(8bd75c8e546467b49a040d0e17732935) Importer(815301076,1909f56bfc062723c751e8b465ee728b)
Start importing Assets/Texture2D/Wifi.png using Guid(8bd75c8e546467b49a040d0e17732935) Importer(815301076,1909f56bfc062723c751e8b465ee728b)  -> (artifact id: 'e86bf3f254ed41fb1fc51f580d221027') in 0.191301 seconds
  Import took 0.210053 seconds .

========================================================================
Received Import Request.
  Time since last request: 0.000391 seconds.
  path: Assets/Texture2D/mapPB.png
  artifactKey: Guid(344f3f9bde84dcd4092c6ef64ddf7be2) Importer(815301076,1909f56bfc062723c751e8b465ee728b)
Start importing Assets/Texture2D/mapPB.png using Guid(344f3f9bde84dcd4092c6ef64ddf7be2) Importer(815301076,1909f56bfc062723c751e8b465ee728b)  -> (artifact id: '6c1d859a52c9dd56920778fe3dd1717c') in 0.214652 seconds
  Import took 0.257947 seconds .

========================================================================
Received Import Request.
  Time since last request: 0.000411 seconds.
  path: Assets/Texture2D/UploadData.png
  artifactKey: Guid(56806e69be0de694c9c277e510b757cc) Importer(815301076,1909f56bfc062723c751e8b465ee728b)
Start importing Assets/Texture2D/UploadData.png using Guid(56806e69be0de694c9c277e510b757cc) Importer(815301076,1909f56bfc062723c751e8b465ee728b)  -> (artifact id: '18ed2830d8fdae0cca325106fedaf672') in 0.183220 seconds
  Import took 0.223086 seconds .

========================================================================
Received Import Request.
  Time since last request: 0.000374 seconds.
  path: Assets/Texture2D/VotingScreen_0.png
  artifactKey: Guid(e36d3fdbf73520945adac20df4fcfb97) Importer(815301076,1909f56bfc062723c751e8b465ee728b)
Start importing Assets/Texture2D/VotingScreen_0.png using Guid(e36d3fdbf73520945adac20df4fcfb97) Importer(815301076,1909f56bfc062723c751e8b465ee728b)  -> (artifact id: 'f728e0cc77e77aab9ebbb3a8d6cdc3dd') in 0.143898 seconds
  Import took 0.186826 seconds .

========================================================================
Received Import Request.
  Time since last request: 0.000371 seconds.
  path: Assets/Texture2D/WaterPlants.png
  artifactKey: Guid(5a11bb53f083be14eaa536f8009c8d90) Importer(815301076,1909f56bfc062723c751e8b465ee728b)
Start importing Assets/Texture2D/WaterPlants.png using Guid(5a11bb53f083be14eaa536f8009c8d90) Importer(815301076,1909f56bfc062723c751e8b465ee728b)  -> (artifact id: '9357cf42df8e5e30f13061ec6ad79606') in 0.310968 seconds
  Import took 0.346124 seconds .

========================================================================
Received Import Request.
  Time since last request: 0.000349 seconds.
  path: Assets/Texture2D/TwitterIconSm.png
  artifactKey: Guid(dc6918401c12f184cabf36003d3e1d7d) Importer(815301076,1909f56bfc062723c751e8b465ee728b)
Start importing Assets/Texture2D/TwitterIconSm.png using Guid(dc6918401c12f184cabf36003d3e1d7d) Importer(815301076,1909f56bfc062723c751e8b465ee728b)  -> (artifact id: '71488d90d5948c741959e671ffbba58e') in 0.146664 seconds
  Import took 0.187578 seconds .

========================================================================
Received Import Request.
  Time since last request: 3884.653841 seconds.
  path: Assets/Photon/PhotonUnityNetworking/Demos/DemoSlotRacer/Kenney Assets/Stylized city/Materials/windows_2.mat
  artifactKey: Guid(db1318ffb13bfef419a8dad09473425d) Importer(815301076,1909f56bfc062723c751e8b465ee728b)
Start importing Assets/Photon/PhotonUnityNetworking/Demos/DemoSlotRacer/Kenney Assets/Stylized city/Materials/windows_2.mat using Guid(db1318ffb13bfef419a8dad09473425d) Importer(815301076,1909f56bfc062723c751e8b465ee728b)  -> (artifact id: '1da223c65b71aa4054469fb8840682f6') in 10.147357 seconds
  Import took 10.938341 seconds .

========================================================================
Received Import Request.
  Time since last request: 0.006100 seconds.
  path: Assets/Photon/PhotonUnityNetworking/Demos/DemoAsteroids/Materials/WhiteUnlit.mat
  artifactKey: Guid(073b1ee561def20429e655b5c8893ad4) Importer(815301076,1909f56bfc062723c751e8b465ee728b)
Start importing Assets/Photon/PhotonUnityNetworking/Demos/DemoAsteroids/Materials/WhiteUnlit.mat using Guid(073b1ee561def20429e655b5c8893ad4) Importer(815301076,1909f56bfc062723c751e8b465ee728b)  -> (artifact id: 'dcb205cf8bcaf81db2cb3f7e67811031') in 0.362862 seconds
  Import took 0.433354 seconds .

========================================================================
Received Import Request.
  Time since last request: 0.027507 seconds.
  path: Assets/Material/UnlitTape.mat
  artifactKey: Guid(e9e2307b3831cc44ea8024c2816a6d01) Importer(815301076,1909f56bfc062723c751e8b465ee728b)
Start importing Assets/Material/UnlitTape.mat using Guid(e9e2307b3831cc44ea8024c2816a6d01) Importer(815301076,1909f56bfc062723c751e8b465ee728b)  -> (artifact id: 'faf4efc01c68917af4991a556c6dc72f') in 0.122206 seconds
  Import took 0.161347 seconds .

========================================================================
Received Import Request.
  Time since last request: 0.000948 seconds.
  path: Assets/Material/UnlitTexture.mat
  artifactKey: Guid(b6b61750307de3246b6f0a01eaa113e0) Importer(815301076,1909f56bfc062723c751e8b465ee728b)
Start importing Assets/Material/UnlitTexture.mat using Guid(b6b61750307de3246b6f0a01eaa113e0) Importer(815301076,1909f56bfc062723c751e8b465ee728b)  -> (artifact id: 'f3e1a3181dbd5e3109a1a624d7f52d71') in 0.101978 seconds
  Import took 0.150031 seconds .

========================================================================
Received Import Request.
  Time since last request: 0.000430 seconds.
  path: Assets/Material/UnlitGrid.mat
  artifactKey: Guid(a147e73d9e1db5643a67784f8ee12b38) Importer(815301076,1909f56bfc062723c751e8b465ee728b)
Start importing Assets/Material/UnlitGrid.mat using Guid(a147e73d9e1db5643a67784f8ee12b38) Importer(815301076,1909f56bfc062723c751e8b465ee728b)  -> (artifact id: '69acba576ba7d8aca19748c26fa2d354') in 0.194322 seconds
  Import took 0.253393 seconds .

========================================================================
Received Import Request.
  Time since last request: 16.493903 seconds.
  path: Assets/Material/TextMeshProSprite.mat
  artifactKey: Guid(f94f20fc371da10439ed851aabfac539) Importer(815301076,1909f56bfc062723c751e8b465ee728b)
Start importing Assets/Material/TextMeshProSprite.mat using Guid(f94f20fc371da10439ed851aabfac539) Importer(815301076,1909f56bfc062723c751e8b465ee728b)  -> (artifact id: '9a399e0b56aa04a3527ead48276355e9') in 0.153004 seconds
  Import took 0.224202 seconds .

========================================================================
Received Import Request.
  Time since last request: 0.149493 seconds.
  path: Assets/Material/TextMeshProSprite.mat
  artifactKey: Guid(f94f20fc371da10439ed851aabfac539) Importer(815301076,1909f56bfc062723c751e8b465ee728b)
Start importing Assets/Material/TextMeshProSprite.mat using Guid(f94f20fc371da10439ed851aabfac539) Importer(815301076,1909f56bfc062723c751e8b465ee728b)  -> (artifact id: '9a399e0b56aa04a3527ead48276355e9') in 0.029358 seconds
  Import took 0.077976 seconds .

========================================================================
Received Import Request.
  Time since last request: 327.705163 seconds.
  path: Assets/Photon/PhotonUnityNetworking/Demos/Shared Assets/Models/Robot Kyle.fbx
  artifactKey: Guid(320b1c2af77554f99a1658df4a6d3d5c) Importer(815301076,1909f56bfc062723c751e8b465ee728b)
Start importing Assets/Photon/PhotonUnityNetworking/Demos/Shared Assets/Models/Robot Kyle.fbx using Guid(320b1c2af77554f99a1658df4a6d3d5c) Importer(815301076,1909f56bfc062723c751e8b465ee728b)  -> (artifact id: '2bd4021b4f740794bb2bcc74a0404b6c') in 4.210416 seconds
  Import took 4.291466 seconds .

========================================================================
Received Import Request.
  Time since last request: 23.498499 seconds.
  path: Assets/Photon/PhotonUnityNetworking/Demos/DemoSlotRacer/Kenney Assets/Stylized city/Materials/11 - Default.mat
  artifactKey: Guid(b7d67d7d7ddb88542b23886a4b496c77) Importer(815301076,1909f56bfc062723c751e8b465ee728b)
Start importing Assets/Photon/PhotonUnityNetworking/Demos/DemoSlotRacer/Kenney Assets/Stylized city/Materials/11 - Default.mat using Guid(b7d67d7d7ddb88542b23886a4b496c77) Importer(815301076,1909f56bfc062723c751e8b465ee728b)  -> (artifact id: '932a75606073e4c69ac6a377cce82b69') in 0.079510 seconds
  Import took 0.102935 seconds .

========================================================================
Received Import Request.
  Time since last request: 0.019002 seconds.
  path: Assets/Photon/PhotonUnityNetworking/Demos/DemoSlotRacer/Kenney Assets/Stylized city/Materials/11 - Default.mat
  artifactKey: Guid(b7d67d7d7ddb88542b23886a4b496c77) Importer(815301076,1909f56bfc062723c751e8b465ee728b)
Start importing Assets/Photon/PhotonUnityNetworking/Demos/DemoSlotRacer/Kenney Assets/Stylized city/Materials/11 - Default.mat using Guid(b7d67d7d7ddb88542b23886a4b496c77) Importer(815301076,1909f56bfc062723c751e8b465ee728b)  -> (artifact id: '932a75606073e4c69ac6a377cce82b69') in 0.027930 seconds
  Import took 0.043587 seconds .

========================================================================
Received Import Request.
  Time since last request: 0.898161 seconds.
  path: Assets/Photon/PhotonUnityNetworking/Demos/DemoSlotRacer/Kenney Assets/Stylized city/Materials/13 - Default.mat
  artifactKey: Guid(b957742c5b9bfd441b9b330c8b55d0c5) Importer(815301076,1909f56bfc062723c751e8b465ee728b)
Start importing Assets/Photon/PhotonUnityNetworking/Demos/DemoSlotRacer/Kenney Assets/Stylized city/Materials/13 - Default.mat using Guid(b957742c5b9bfd441b9b330c8b55d0c5) Importer(815301076,1909f56bfc062723c751e8b465ee728b)  -> (artifact id: 'a5599b8db2639ee0985f29f0d805e78b') in 0.080505 seconds
  Import took 0.102252 seconds .

========================================================================
Received Import Request.
  Time since last request: 0.649292 seconds.
  path: Assets/Photon/PhotonUnityNetworking/Demos/DemoSlotRacer/Kenney Assets/Stylized city/Materials/13 - Default22662.mat
  artifactKey: Guid(7d91274cc4a876a439f75445704f421b) Importer(815301076,1909f56bfc062723c751e8b465ee728b)
Start importing Assets/Photon/PhotonUnityNetworking/Demos/DemoSlotRacer/Kenney Assets/Stylized city/Materials/13 - Default22662.mat using Guid(7d91274cc4a876a439f75445704f421b) Importer(815301076,1909f56bfc062723c751e8b465ee728b)  -> (artifact id: '37f00992a5a0bfb3fdc9111778344ae4') in 0.051124 seconds
  Import took 0.092314 seconds .

========================================================================
Received Import Request.
  Time since last request: 0.016654 seconds.
  path: Assets/Photon/PhotonUnityNetworking/Demos/DemoSlotRacer/Kenney Assets/Stylized city/Materials/13 - Default22662.mat
  artifactKey: Guid(7d91274cc4a876a439f75445704f421b) Importer(815301076,1909f56bfc062723c751e8b465ee728b)
Start importing Assets/Photon/PhotonUnityNetworking/Demos/DemoSlotRacer/Kenney Assets/Stylized city/Materials/13 - Default22662.mat using Guid(7d91274cc4a876a439f75445704f421b) Importer(815301076,1909f56bfc062723c751e8b465ee728b)  -> (artifact id: '37f00992a5a0bfb3fdc9111778344ae4') in 0.027431 seconds
  Import took 0.039208 seconds .

========================================================================
Received Import Request.
  Time since last request: 0.740603 seconds.
  path: Assets/Material/AddMultMat.mat
  artifactKey: Guid(cc59721291845364ea8e6f84a3a7f72d) Importer(815301076,1909f56bfc062723c751e8b465ee728b)
Start importing Assets/Material/AddMultMat.mat using Guid(cc59721291845364ea8e6f84a3a7f72d) Importer(815301076,1909f56bfc062723c751e8b465ee728b)  -> (artifact id: '63c7f0e106103c5ad1f3e792a6c2c7ca') in 0.088905 seconds
  Import took 0.127098 seconds .

========================================================================
Received Import Request.
  Time since last request: 0.663230 seconds.
  path: Assets/Material/AirshipCloudMat.mat
  artifactKey: Guid(ec793fcf6f1535e4c940a3a5d418be6f) Importer(815301076,1909f56bfc062723c751e8b465ee728b)
Start importing Assets/Material/AirshipCloudMat.mat using Guid(ec793fcf6f1535e4c940a3a5d418be6f) Importer(815301076,1909f56bfc062723c751e8b465ee728b)  -> (artifact id: 'a0f1abf64ed133740534edacae4b04f7') in 0.092980 seconds
  Import took 0.146618 seconds .

========================================================================
Received Import Request.
  Time since last request: 7.125752 seconds.
  path: Assets/Material/AnimCircle.mat
  artifactKey: Guid(db88fe25968b483408d96b8bd918a705) Importer(815301076,1909f56bfc062723c751e8b465ee728b)
Start importing Assets/Material/AnimCircle.mat using Guid(db88fe25968b483408d96b8bd918a705) Importer(815301076,1909f56bfc062723c751e8b465ee728b)  -> (artifact id: '6e63d863d52695cbaa434c70b88ba509') in 0.109285 seconds
  Import took 0.147639 seconds .

========================================================================
Received Import Request.
  Time since last request: 0.936619 seconds.
  path: Assets/Material/AirshipVertGradient.mat
  artifactKey: Guid(e2c9e5fc0be3605489486b7785425a58) Importer(815301076,1909f56bfc062723c751e8b465ee728b)
Start importing Assets/Material/AirshipVertGradient.mat using Guid(e2c9e5fc0be3605489486b7785425a58) Importer(815301076,1909f56bfc062723c751e8b465ee728b)  -> (artifact id: '9b9014babdf7a654830b64e59887b24c') in 0.087791 seconds
  Import took 0.126182 seconds .

========================================================================
Received Import Request.
  Time since last request: 0.024996 seconds.
  path: Assets/Material/AirshipVertGradient.mat
  artifactKey: Guid(e2c9e5fc0be3605489486b7785425a58) Importer(815301076,1909f56bfc062723c751e8b465ee728b)
Start importing Assets/Material/AirshipVertGradient.mat using Guid(e2c9e5fc0be3605489486b7785425a58) Importer(815301076,1909f56bfc062723c751e8b465ee728b)  -> (artifact id: '9b9014babdf7a654830b64e59887b24c') in 0.030221 seconds
  Import took 0.044906 seconds .

========================================================================
Received Import Request.
  Time since last request: 0.718342 seconds.
  path: Assets/Photon/PhotonUnityNetworking/Demos/DemoAsteroids/Models/Materials/Asteroid.mat
  artifactKey: Guid(be2c382f522695c4fa3947ac8e1d4457) Importer(815301076,1909f56bfc062723c751e8b465ee728b)
Start importing Assets/Photon/PhotonUnityNetworking/Demos/DemoAsteroids/Models/Materials/Asteroid.mat using Guid(be2c382f522695c4fa3947ac8e1d4457) Importer(815301076,1909f56bfc062723c751e8b465ee728b)  -> (artifact id: '81e5451193eee0b462e9bcad216208d0') in 0.066134 seconds
  Import took 0.115132 seconds .

========================================================================
Received Import Request.
  Time since last request: 0.631746 seconds.
  path: Assets/Material/BakedShadow.mat
  artifactKey: Guid(f89426c83a064704abc88c6e0673098a) Importer(815301076,1909f56bfc062723c751e8b465ee728b)
Start importing Assets/Material/BakedShadow.mat using Guid(f89426c83a064704abc88c6e0673098a) Importer(815301076,1909f56bfc062723c751e8b465ee728b)  -> (artifact id: '760cb7d08a4bf62e54d057067d041dd8') in 0.086027 seconds
  Import took 0.135059 seconds .

========================================================================
Received Import Request.
  Time since last request: 1.445102 seconds.
  path: Assets/Photon/PhotonUnityNetworking/Demos/DemoSlotRacer/Kenney Assets/Racing Kit/Models/Materials/bark.mat
  artifactKey: Guid(5b3826dd21e1d2b4a947c774023d1db3) Importer(815301076,1909f56bfc062723c751e8b465ee728b)
Start importing Assets/Photon/PhotonUnityNetworking/Demos/DemoSlotRacer/Kenney Assets/Racing Kit/Models/Materials/bark.mat using Guid(5b3826dd21e1d2b4a947c774023d1db3) Importer(815301076,1909f56bfc062723c751e8b465ee728b)  -> (artifact id: 'ef86bc7cc4dce370419f7ec3dd1f4c46') in 0.077875 seconds
  Import took 0.116658 seconds .

========================================================================
Received Import Request.
  Time since last request: 0.704747 seconds.
  path: Assets/Material/BanShader.mat
  artifactKey: Guid(117d86a88c0e1c947a1abd009da56d4c) Importer(815301076,1909f56bfc062723c751e8b465ee728b)
Start importing Assets/Material/BanShader.mat using Guid(117d86a88c0e1c947a1abd009da56d4c) Importer(815301076,1909f56bfc062723c751e8b465ee728b)  -> (artifact id: 'a5a6a9d90527dff13a31ce21c4849d01') in 0.076138 seconds
  Import took 0.100434 seconds .

========================================================================
Received Import Request.
  Time since last request: 0.029144 seconds.
  path: Assets/Material/BanShader.mat
  artifactKey: Guid(117d86a88c0e1c947a1abd009da56d4c) Importer(815301076,1909f56bfc062723c751e8b465ee728b)
Start importing Assets/Material/BanShader.mat using Guid(117d86a88c0e1c947a1abd009da56d4c) Importer(815301076,1909f56bfc062723c751e8b465ee728b)  -> (artifact id: 'a5a6a9d90527dff13a31ce21c4849d01') in 0.023460 seconds
  Import took 0.049695 seconds .

========================================================================
Received Import Request.
  Time since last request: 0.802208 seconds.
  path: Assets/Font/Brook SDF.asset
  artifactKey: Guid(f689a805ff793d0488dce58f854e61f9) Importer(815301076,1909f56bfc062723c751e8b465ee728b)
Start importing Assets/Font/Brook SDF.asset using Guid(f689a805ff793d0488dce58f854e61f9) Importer(815301076,1909f56bfc062723c751e8b465ee728b)  -> (artifact id: '71c6fbf7f231aeb67666c8d5257309c1') in 1.884752 seconds
  Import took 1.981796 seconds .

========================================================================
Received Import Request.
  Time since last request: 0.109607 seconds.
  path: Assets/Material/Brook Atlas Material.mat
  artifactKey: Guid(e0849e8a594af564892ab2bbc197e735) Importer(815301076,1909f56bfc062723c751e8b465ee728b)
Start importing Assets/Material/Brook Atlas Material.mat using Guid(e0849e8a594af564892ab2bbc197e735) Importer(815301076,1909f56bfc062723c751e8b465ee728b)  -> (artifact id: '16d552301d939fe143cef3e8311e9926') in 0.131531 seconds
  Import took 0.190336 seconds .

========================================================================
Received Import Request.
  Time since last request: 0.300730 seconds.
  path: Assets/Resources/fonts & materials/brook sdf.mat
  artifactKey: Guid(a383592e5d0c9c744a135ebfa5868780) Importer(815301076,1909f56bfc062723c751e8b465ee728b)
Start importing Assets/Resources/fonts & materials/brook sdf.mat using Guid(a383592e5d0c9c744a135ebfa5868780) Importer(815301076,1909f56bfc062723c751e8b465ee728b)  -> (artifact id: '9dad2251aa2f3334798a52cf9bbefaba') in 0.237739 seconds
  Import took 0.307024 seconds .

========================================================================
Received Import Request.
  Time since last request: 0.034412 seconds.
  path: Assets/Resources/fonts & materials/Brook SDF - BlackOutline.mat
  artifactKey: Guid(540ecabe959751b4a9ce75c175ecef29) Importer(815301076,1909f56bfc062723c751e8b465ee728b)
Start importing Assets/Resources/fonts & materials/Brook SDF - BlackOutline.mat using Guid(540ecabe959751b4a9ce75c175ecef29) Importer(815301076,1909f56bfc062723c751e8b465ee728b)  -> (artifact id: '6b1a70c6ff7ac1055c5bceda7379ef47') in 0.106372 seconds
  Import took 0.172768 seconds .

========================================================================
Received Import Request.
  Time since last request: 0.181695 seconds.
  path: Assets/Resources/fonts & materials/Brook SDF - Gray.mat
  artifactKey: Guid(9242506c60f13ef4995ebde5be527c76) Importer(815301076,1909f56bfc062723c751e8b465ee728b)
Start importing Assets/Resources/fonts & materials/Brook SDF - Gray.mat using Guid(9242506c60f13ef4995ebde5be527c76) Importer(815301076,1909f56bfc062723c751e8b465ee728b)  -> (artifact id: '413c8ad835d5444a9c98bcb22b8843d6') in 0.119294 seconds
  Import took 0.174598 seconds .

========================================================================
Received Import Request.
  Time since last request: 0.154312 seconds.
  path: Assets/Resources/fonts & materials/Brook SDF - GreenAndWhiteOutline.mat
  artifactKey: Guid(2c104dfe880ca584ba07137b7bc0ec95) Importer(815301076,1909f56bfc062723c751e8b465ee728b)
Start importing Assets/Resources/fonts & materials/Brook SDF - GreenAndWhiteOutline.mat using Guid(2c104dfe880ca584ba07137b7bc0ec95) Importer(815301076,1909f56bfc062723c751e8b465ee728b)  -> (artifact id: 'd4cb4bc00d66a6c4b6e34456e039f106') in 0.069124 seconds
  Import took 0.105014 seconds .

========================================================================
Received Import Request.
  Time since last request: 0.271302 seconds.
  path: Assets/Material/Brook SDF - RedOutline.mat
  artifactKey: Guid(9cbeebcfc0f9f584194a1a44097b5170) Importer(815301076,1909f56bfc062723c751e8b465ee728b)
Start importing Assets/Material/Brook SDF - RedOutline.mat using Guid(9cbeebcfc0f9f584194a1a44097b5170) Importer(815301076,1909f56bfc062723c751e8b465ee728b)  -> (artifact id: '89a4a6864b5408bb985bcc0cc34947d8') in 0.168165 seconds
  Import took 0.238480 seconds .

========================================================================
Received Import Request.
  Time since last request: 0.087429 seconds.
  path: Assets/Resources/fonts & materials/Brook SDF - RedOutline.mat
  artifactKey: Guid(d6b03eb61a67c0442951513f7ee75c4a) Importer(815301076,1909f56bfc062723c751e8b465ee728b)
Start importing Assets/Resources/fonts & materials/Brook SDF - RedOutline.mat using Guid(d6b03eb61a67c0442951513f7ee75c4a) Importer(815301076,1909f56bfc062723c751e8b465ee728b)  -> (artifact id: 'e7d87805bbf8af291540e3716e9d5f25') in 0.053968 seconds
  Import took 0.300549 seconds .

========================================================================
Received Import Request.
  Time since last request: 0.698049 seconds.
  path: Assets/Resources/fonts & materials/Brook SDF - White.mat
  artifactKey: Guid(7e36980b86f011b438e8d102e0df4850) Importer(815301076,1909f56bfc062723c751e8b465ee728b)
Start importing Assets/Resources/fonts & materials/Brook SDF - White.mat using Guid(7e36980b86f011b438e8d102e0df4850) Importer(815301076,1909f56bfc062723c751e8b465ee728b)  -> (artifact id: '3be23c2e08f96ae99591602395a246b8') in 0.151467 seconds
  Import took 0.194615 seconds .

========================================================================
Received Import Request.
  Time since last request: 0.048250 seconds.
  path: Assets/Resources/fonts & materials/Brook SDF - WhiteAndRedOutline.mat
  artifactKey: Guid(da27696d9e42bb84b8e3b32069ce36ab) Importer(815301076,1909f56bfc062723c751e8b465ee728b)
Start importing Assets/Resources/fonts & materials/Brook SDF - WhiteAndRedOutline.mat using Guid(da27696d9e42bb84b8e3b32069ce36ab) Importer(815301076,1909f56bfc062723c751e8b465ee728b)  -> (artifact id: '763142dd5d08e5689f72875f2db8f289') in 0.084059 seconds
  Import took 0.102058 seconds .

========================================================================
Received Import Request.
  Time since last request: 0.254672 seconds.
  path: Assets/Resources/fonts & materials/Brook SDF - WhiteOutline.mat
  artifactKey: Guid(14dc21a8f5ab58d4785154a50fa7aa8a) Importer(815301076,1909f56bfc062723c751e8b465ee728b)
Start importing Assets/Resources/fonts & materials/Brook SDF - WhiteOutline.mat using Guid(14dc21a8f5ab58d4785154a50fa7aa8a) Importer(815301076,1909f56bfc062723c751e8b465ee728b)  -> (artifact id: '3b847be165b2efa89b8f2971b9f21b70') in 0.103608 seconds
  Import took 0.132365 seconds .

========================================================================
Received Import Request.
  Time since last request: 0.001839 seconds.
  path: Assets/Resources/fonts & materials/Brook SDF - WhiteOutline.mat
  artifactKey: Guid(14dc21a8f5ab58d4785154a50fa7aa8a) Importer(815301076,1909f56bfc062723c751e8b465ee728b)
Start importing Assets/Resources/fonts & materials/Brook SDF - WhiteOutline.mat using Guid(14dc21a8f5ab58d4785154a50fa7aa8a) Importer(815301076,1909f56bfc062723c751e8b465ee728b)  -> (artifact id: '3b847be165b2efa89b8f2971b9f21b70') in 0.035259 seconds
  Import took 0.059719 seconds .

========================================================================
Received Import Request.
  Time since last request: 7.104687 seconds.
  path: Assets/Material/BucketShader.mat
  artifactKey: Guid(1fd3ab74ebea45d46bde9b1d09d07a77) Importer(815301076,1909f56bfc062723c751e8b465ee728b)
Start importing Assets/Material/BucketShader.mat using Guid(1fd3ab74ebea45d46bde9b1d09d07a77) Importer(815301076,1909f56bfc062723c751e8b465ee728b)  -> (artifact id: 'c2dfe61f58c31a29e565bccb828e52a4') in 0.087019 seconds
  Import took 0.134652 seconds .

========================================================================
Received Import Request.
  Time since last request: 0.732583 seconds.
  path: Assets/Photon/PhotonUnityNetworking/Demos/DemoSlotRacer/Kenney Assets/Stylized city/Materials/car.mat
  artifactKey: Guid(c282d31bf082fca4a822239b62ff8257) Importer(815301076,1909f56bfc062723c751e8b465ee728b)
Start importing Assets/Photon/PhotonUnityNetworking/Demos/DemoSlotRacer/Kenney Assets/Stylized city/Materials/car.mat using Guid(c282d31bf082fca4a822239b62ff8257) Importer(815301076,1909f56bfc062723c751e8b465ee728b)  -> (artifact id: '2f041f3ce1caa4de402a3255cc4b43de') in 0.193984 seconds
  Import took 0.220202 seconds .

========================================================================
Received Import Request.
  Time since last request: 0.519034 seconds.
  path: Assets/Material/ChatBgMask.mat
  artifactKey: Guid(cdaedabd1ee38f5498fe3161c8285a62) Importer(815301076,1909f56bfc062723c751e8b465ee728b)
Start importing Assets/Material/ChatBgMask.mat using Guid(cdaedabd1ee38f5498fe3161c8285a62) Importer(815301076,1909f56bfc062723c751e8b465ee728b)  -> (artifact id: 'ae899062d3d803404a2a2f3ff7d2af39') in 0.070450 seconds
  Import took 0.111046 seconds .

========================================================================
Received Import Request.
  Time since last request: 1.103143 seconds.
  path: Assets/Material/digital-7 SDF - BlackOutlineMasked.mat
  artifactKey: Guid(367af19a32c86024f88db3fe1d72b580) Importer(815301076,1909f56bfc062723c751e8b465ee728b)
Start importing Assets/Material/digital-7 SDF - BlackOutlineMasked.mat using Guid(367af19a32c86024f88db3fe1d72b580) Importer(815301076,1909f56bfc062723c751e8b465ee728b)  -> (artifact id: '5c4bdc0ae14c2f4ae06214ac10bd8639') in 0.077642 seconds
  Import took 0.125896 seconds .

========================================================================
Received Import Request.
  Time since last request: 1.101028 seconds.
  path: Assets/Font/NotoSansKR-Regular.otf
  artifactKey: Guid(3ce3068fdb990df498d600c5c02cdf70) Importer(815301076,1909f56bfc062723c751e8b465ee728b)
Start importing Assets/Font/NotoSansKR-Regular.otf using Guid(3ce3068fdb990df498d600c5c02cdf70) Importer(815301076,1909f56bfc062723c751e8b465ee728b)  -> (artifact id: '749d5c0f1536edc84cc392d9ba5f998d') in 0.361211 seconds
  Import took 0.384815 seconds .

========================================================================
Received Import Request.
  Time since last request: 1.314789 seconds.
  path: Assets/Photon/PhotonUnityNetworking/Demos/DemoSlotRacer/Kenney Assets/Stylized city/Materials/ground_green.mat
  artifactKey: Guid(fef45cc204351a9458f02ad7c0243f18) Importer(815301076,1909f56bfc062723c751e8b465ee728b)
Start importing Assets/Photon/PhotonUnityNetworking/Demos/DemoSlotRacer/Kenney Assets/Stylized city/Materials/ground_green.mat using Guid(fef45cc204351a9458f02ad7c0243f18) Importer(815301076,1909f56bfc062723c751e8b465ee728b)  -> (artifact id: '879a9292e007c8c941b953af23b3a256') in 0.061403 seconds
  Import took 0.114525 seconds .

========================================================================
Received Import Request.
  Time since last request: 0.482726 seconds.
  path: Assets/Photon/PhotonUnityNetworking/Demos/DemoSlotRacer/Kenney Assets/Racing Kit/Models/Materials/grey.mat
  artifactKey: Guid(b34ebdee5d4d60b43baa8cb211b29444) Importer(815301076,1909f56bfc062723c751e8b465ee728b)
Start importing Assets/Photon/PhotonUnityNetworking/Demos/DemoSlotRacer/Kenney Assets/Racing Kit/Models/Materials/grey.mat using Guid(b34ebdee5d4d60b43baa8cb211b29444) Importer(815301076,1909f56bfc062723c751e8b465ee728b)  -> (artifact id: 'dda11072c28d5eac360feda116148f83') in 0.088691 seconds
  Import took 0.103098 seconds .

========================================================================
Received Import Request.
  Time since last request: 0.505232 seconds.
  path: Assets/Photon/PhotonUnityNetworking/Demos/DemoSlotRacer/Kenney Assets/Racing Kit/Models/Materials/grass.mat
  artifactKey: Guid(ba3bddb608259184783916ac7915d5a2) Importer(815301076,1909f56bfc062723c751e8b465ee728b)
Start importing Assets/Photon/PhotonUnityNetworking/Demos/DemoSlotRacer/Kenney Assets/Racing Kit/Models/Materials/grass.mat using Guid(ba3bddb608259184783916ac7915d5a2) Importer(815301076,1909f56bfc062723c751e8b465ee728b)  -> (artifact id: '86cb64055a9cb6eaa13bf2fdfbe817f2') in 0.067138 seconds
  Import took 0.095566 seconds .

========================================================================
Received Import Request.
  Time since last request: 0.767524 seconds.
  path: Assets/Material/MapPlayerMat.mat
  artifactKey: Guid(26a6df44d8fec6d498a545980193c41c) Importer(815301076,1909f56bfc062723c751e8b465ee728b)
Start importing Assets/Material/MapPlayerMat.mat using Guid(26a6df44d8fec6d498a545980193c41c) Importer(815301076,1909f56bfc062723c751e8b465ee728b)  -> (artifact id: 'f0d7432aac222a308a2c5d442dacbc21') in 0.126279 seconds
  Import took 0.172172 seconds .

========================================================================
Received Import Request.
  Time since last request: 0.646168 seconds.
  path: Assets/Material/MapMat.mat
  artifactKey: Guid(31e1c9719290c2c458b446e79985c886) Importer(815301076,1909f56bfc062723c751e8b465ee728b)
Start importing Assets/Material/MapMat.mat using Guid(31e1c9719290c2c458b446e79985c886) Importer(815301076,1909f56bfc062723c751e8b465ee728b)  -> (artifact id: 'c586971a1667caf85a55ea38768431ed') in 0.093042 seconds
  Import took 0.134026 seconds .

========================================================================
Received Import Request.
  Time since last request: 2.394617 seconds.
  path: Assets/Photon/PhotonUnityNetworking/Demos/DemoSlotRacer/Kenney Assets/Stylized city/Materials/roof.mat
  artifactKey: Guid(ede00b712b6fb134282e1efba44fefd8) Importer(815301076,1909f56bfc062723c751e8b465ee728b)
Start importing Assets/Photon/PhotonUnityNetworking/Demos/DemoSlotRacer/Kenney Assets/Stylized city/Materials/roof.mat using Guid(ede00b712b6fb134282e1efba44fefd8) Importer(815301076,1909f56bfc062723c751e8b465ee728b)  -> (artifact id: 'c9dc7ff8b3c43c11a81ec406a817902b') in 0.092655 seconds
  Import took 0.119226 seconds .

========================================================================
Received Import Request.
  Time since last request: 0.478193 seconds.
  path: Assets/Photon/PhotonUnityNetworking/Demos/DemoSlotRacer/Kenney Assets/Racing Kit/Models/Materials/road.mat
  artifactKey: Guid(4b56a40ac6992974b8aac0882a4c7555) Importer(815301076,1909f56bfc062723c751e8b465ee728b)
Start importing Assets/Photon/PhotonUnityNetworking/Demos/DemoSlotRacer/Kenney Assets/Racing Kit/Models/Materials/road.mat using Guid(4b56a40ac6992974b8aac0882a4c7555) Importer(815301076,1909f56bfc062723c751e8b465ee728b)  -> (artifact id: '990dc7975ce928244599c4143637272c') in 0.086919 seconds
  Import took 0.099256 seconds .

========================================================================
Received Import Request.
  Time since last request: 0.002145 seconds.
  path: Assets/Photon/PhotonUnityNetworking/Demos/DemoSlotRacer/Kenney Assets/Racing Kit/Models/Materials/road.mat
  artifactKey: Guid(4b56a40ac6992974b8aac0882a4c7555) Importer(815301076,1909f56bfc062723c751e8b465ee728b)
Start importing Assets/Photon/PhotonUnityNetworking/Demos/DemoSlotRacer/Kenney Assets/Racing Kit/Models/Materials/road.mat using Guid(4b56a40ac6992974b8aac0882a4c7555) Importer(815301076,1909f56bfc062723c751e8b465ee728b)  -> (artifact id: '990dc7975ce928244599c4143637272c') in 0.096312 seconds
  Import took 0.136145 seconds .

========================================================================
Received Import Request.
  Time since last request: 0.350993 seconds.
  path: Assets/Photon/PhotonUnityNetworking/Demos/PunBasics-Tutorial/Materials/Red Beam.mat
  artifactKey: Guid(409bf720e9924426b9f253cf037a8f4e) Importer(815301076,1909f56bfc062723c751e8b465ee728b)
Start importing Assets/Photon/PhotonUnityNetworking/Demos/PunBasics-Tutorial/Materials/Red Beam.mat using Guid(409bf720e9924426b9f253cf037a8f4e) Importer(815301076,1909f56bfc062723c751e8b465ee728b)  -> (artifact id: '8418924347d543a0ff6546c2c6eb3d9e') in 0.067185 seconds
  Import took 0.117822 seconds .

========================================================================
Received Import Request.
  Time since last request: 2.346255 seconds.
  path: Assets/Material/WhitePulse.mat
  artifactKey: Guid(9d43ce23a1f58fd408a7db8db630a720) Importer(815301076,1909f56bfc062723c751e8b465ee728b)
Start importing Assets/Material/WhitePulse.mat using Guid(9d43ce23a1f58fd408a7db8db630a720) Importer(815301076,1909f56bfc062723c751e8b465ee728b)  -> (artifact id: '556506242bfaeb1f60ebc923f23b820e') in 0.072560 seconds
  Import took 0.118234 seconds .

========================================================================
Received Import Request.
  Time since last request: 36.140389 seconds.
  path: Assets/UI
  artifactKey: Guid(3da3a76ec5b7e414d84eabe6c8d80ac2) Importer(815301076,1909f56bfc062723c751e8b465ee728b)
Start importing Assets/UI using Guid(3da3a76ec5b7e414d84eabe6c8d80ac2) Importer(815301076,1909f56bfc062723c751e8b465ee728b)  -> (artifact id: 'd32627ea8a77b619c7d961bec9360f48') in 0.076070 seconds
  Import took 0.120692 seconds .

========================================================================
Received Import Request.
  Time since last request: 33.438218 seconds.
  path: Assets/UI/New Material.mat
  artifactKey: Guid(04e83f760137bd44da9db5a4aa49c8ec) Importer(815301076,1909f56bfc062723c751e8b465ee728b)
Start importing Assets/UI/New Material.mat using Guid(04e83f760137bd44da9db5a4aa49c8ec) Importer(815301076,1909f56bfc062723c751e8b465ee728b)  -> (artifact id: 'c6d4c46de0910c439020a8eb002b2707') in 0.409946 seconds
  Import took 0.502382 seconds .

========================================================================
Received Import Request.
  Time since last request: 782.542076 seconds.
  path: Assets/UI/New Material.mat
  artifactKey: Guid(04e83f760137bd44da9db5a4aa49c8ec) Importer(815301076,1909f56bfc062723c751e8b465ee728b)
Start importing Assets/UI/New Material.mat using Guid(04e83f760137bd44da9db5a4aa49c8ec) Importer(815301076,1909f56bfc062723c751e8b465ee728b)  -> (artifact id: '038b8bdd04dc65f087b983afecbeaf4f') in 0.137709 seconds
  Import took 0.168331 seconds .

========================================================================
Received Import Request.
  Time since last request: 2772.969273 seconds.
  path: Assets/Scripts/PUN/Launcher.cs
  artifactKey: Guid(6ea44b50e7a26bd449132ae24285e504) Importer(815301076,1909f56bfc062723c751e8b465ee728b)
Start importing Assets/Scripts/PUN/Launcher.cs using Guid(6ea44b50e7a26bd449132ae24285e504) Importer(815301076,1909f56bfc062723c751e8b465ee728b)  -> (artifact id: '4d1887ab1e1b9b6cb9e35379f1aa5f57') in 2.929647 seconds
  Import took 10.265396 seconds .

========================================================================
Received Import Request.
  Time since last request: 447.761891 seconds.
  path: Assets/Scripts/PUN/Launcher.cs
  artifactKey: Guid(6ea44b50e7a26bd449132ae24285e504) Importer(815301076,1909f56bfc062723c751e8b465ee728b)
Start importing Assets/Scripts/PUN/Launcher.cs using Guid(6ea44b50e7a26bd449132ae24285e504) Importer(815301076,1909f56bfc062723c751e8b465ee728b)  -> (artifact id: '850ca2e7ea2530e3bb3de0b3f66f401b') in 0.155935 seconds
  Import took 0.403496 seconds .

========================================================================
Received Import Request.
  Time since last request: 0.500274 seconds.
  path: Assets/Scripts/PUN/Launcher.cs
  artifactKey: Guid(6ea44b50e7a26bd449132ae24285e504) Importer(815301076,1909f56bfc062723c751e8b465ee728b)
Start importing Assets/Scripts/PUN/Launcher.cs using Guid(6ea44b50e7a26bd449132ae24285e504) Importer(815301076,1909f56bfc062723c751e8b465ee728b)  -> (artifact id: '850ca2e7ea2530e3bb3de0b3f66f401b') in 0.049944 seconds
  Import took 0.255346 seconds .

========================================================================
Received Import Request.
  Time since last request: 179.209890 seconds.
  path: Assets/Scripts/PUN/Launcher.cs
  artifactKey: Guid(6ea44b50e7a26bd449132ae24285e504) Importer(815301076,1909f56bfc062723c751e8b465ee728b)
Start importing Assets/Scripts/PUN/Launcher.cs using Guid(6ea44b50e7a26bd449132ae24285e504) Importer(815301076,1909f56bfc062723c751e8b465ee728b)  -> (artifact id: 'c9574012b66b7f7d92951d767a185c11') in 0.266114 seconds
  Import took 0.717738 seconds .

========================================================================
Received Import Request.
  Time since last request: 1.258216 seconds.
  path: Assets/Scripts/PUN/Launcher.cs
  artifactKey: Guid(6ea44b50e7a26bd449132ae24285e504) Importer(815301076,1909f56bfc062723c751e8b465ee728b)
Start importing Assets/Scripts/PUN/Launcher.cs using Guid(6ea44b50e7a26bd449132ae24285e504) Importer(815301076,1909f56bfc062723c751e8b465ee728b)  -> (artifact id: 'c9574012b66b7f7d92951d767a185c11') in 0.054632 seconds
  Import took 0.062959 seconds .

========================================================================
Received Import Request.
  Time since last request: 8402.672829 seconds.
  path: Assets/Scripts/PUN/Launcher.cs
  artifactKey: Guid(6ea44b50e7a26bd449132ae24285e504) Importer(815301076,1909f56bfc062723c751e8b465ee728b)
Start importing Assets/Scripts/PUN/Launcher.cs using Guid(6ea44b50e7a26bd449132ae24285e504) Importer(815301076,1909f56bfc062723c751e8b465ee728b)  -> (artifact id: '8809176197983103c3eac83baf69e983') in 0.564678 seconds
  Import took 9.817421 seconds .

========================================================================
Received Import Request.
  Time since last request: 2474.636944 seconds.
  path: Assets/Scripts/PUN/Launcher.cs
  artifactKey: Guid(6ea44b50e7a26bd449132ae24285e504) Importer(815301076,1909f56bfc062723c751e8b465ee728b)
Start importing Assets/Scripts/PUN/Launcher.cs using Guid(6ea44b50e7a26bd449132ae24285e504) Importer(815301076,1909f56bfc062723c751e8b465ee728b)  -> (artifact id: '0495c3aa83a44493a7023244525f175e') in 0.235813 seconds
  Import took 0.312972 seconds .

========================================================================
Received Import Request.
  Time since last request: 0.105977 seconds.
  path: Assets/Scripts/PUN/Launcher.cs
  artifactKey: Guid(6ea44b50e7a26bd449132ae24285e504) Importer(815301076,1909f56bfc062723c751e8b465ee728b)
Start importing Assets/Scripts/PUN/Launcher.cs using Guid(6ea44b50e7a26bd449132ae24285e504) Importer(815301076,1909f56bfc062723c751e8b465ee728b)  -> (artifact id: '0495c3aa83a44493a7023244525f175e') in 0.097313 seconds
  Import took 0.221155 seconds .

========================================================================
Received Prepare
Registering precompiled user dll's ...
Registered in 24.278520 seconds.
Begin MonoManager ReloadAssembly
Native extension for WindowsStandalone target not found
Refreshing native plugins compatible for Editor in 4.37 ms, found 1 plugins.
Preloading 0 native plugins for Editor in 0.00 ms.
Mono: successfully reloaded assembly
- Completed reload, in 31.267 seconds
Platform modules already initialized, skipping
Shader 'Universal Render Pipeline/Particles/Lit': fallback shader 'Universal Render Pipeline/Particles/SimpleLit' not found
Refreshing native plugins compatible for Editor in 2.26 ms, found 1 plugins.
Preloading 0 native plugins for Editor in 0.00 ms.
Unloading 3225 Unused Serialized files (Serialized files now loaded: 0)
System memory in use before: 162.1 MB.
System memory in use after: 162.3 MB.

Unloading 17 unused Assets to reduce memory usage. Loaded Objects now: 4653.
Total: 683.400300 ms (FindLiveObjects: 76.465600 ms CreateObjectMapping: 0.542000 ms MarkObjects: 491.801900 ms  DeleteObjects: 114.583600 ms)

========================================================================
Received Prepare
Shader 'Universal Render Pipeline/Particles/Lit': fallback shader 'Universal Render Pipeline/Particles/SimpleLit' not found
Refreshing native plugins compatible for Editor in 372.52 ms, found 1 plugins.
Preloading 0 native plugins for Editor in 0.00 ms.
Unloading 14 Unused Serialized files (Serialized files now loaded: 0)
System memory in use before: 98.7 MB.
System memory in use after: 98.9 MB.

Unloading 14 unused Assets to reduce memory usage. Loaded Objects now: 4653.
Total: 16.835700 ms (FindLiveObjects: 1.613700 ms CreateObjectMapping: 0.594900 ms MarkObjects: 13.812800 ms  DeleteObjects: 0.801100 ms)

========================================================================
Received Prepare
Registering precompiled user dll's ...
Registered in 0.041141 seconds.
Begin MonoManager ReloadAssembly
Native extension for WindowsStandalone target not found
Refreshing native plugins compatible for Editor in 1.85 ms, found 1 plugins.
Preloading 0 native plugins for Editor in 0.00 ms.
Mono: successfully reloaded assembly
- Completed reload, in  8.118 seconds
Platform modules already initialized, skipping
Shader 'Universal Render Pipeline/Particles/Lit': fallback shader 'Universal Render Pipeline/Particles/SimpleLit' not found
Refreshing native plugins compatible for Editor in 1.96 ms, found 1 plugins.
Preloading 0 native plugins for Editor in 0.00 ms.
Unloading 3225 Unused Serialized files (Serialized files now loaded: 0)
System memory in use before: 162.2 MB.
System memory in use after: 162.4 MB.

Unloading 17 unused Assets to reduce memory usage. Loaded Objects now: 4657.
Total: 58.908000 ms (FindLiveObjects: 1.208700 ms CreateObjectMapping: 0.408700 ms MarkObjects: 5.400200 ms  DeleteObjects: 51.886900 ms)

========================================================================
Received Prepare
Shader 'Universal Render Pipeline/Particles/Lit': fallback shader 'Universal Render Pipeline/Particles/SimpleLit' not found
Refreshing native plugins compatible for Editor in 288.10 ms, found 1 plugins.
Preloading 0 native plugins for Editor in 0.00 ms.
Unloading 14 Unused Serialized files (Serialized files now loaded: 0)
System memory in use before: 98.8 MB.
System memory in use after: 99.0 MB.

Unloading 14 unused Assets to reduce memory usage. Loaded Objects now: 4657.
Total: 5.949600 ms (FindLiveObjects: 0.784100 ms CreateObjectMapping: 0.228300 ms MarkObjects: 4.774400 ms  DeleteObjects: 0.160500 ms)

========================================================================
Received Prepare
Registering precompiled user dll's ...
Registered in 0.511716 seconds.
Begin MonoManager ReloadAssembly
Native extension for WindowsStandalone target not found
Refreshing native plugins compatible for Editor in 2.13 ms, found 1 plugins.
Preloading 0 native plugins for Editor in 0.00 ms.
Mono: successfully reloaded assembly
- Completed reload, in 26.170 seconds
Platform modules already initialized, skipping
Shader 'Universal Render Pipeline/Particles/Lit': fallback shader 'Universal Render Pipeline/Particles/SimpleLit' not found
Refreshing native plugins compatible for Editor in 3.59 ms, found 1 plugins.
Preloading 0 native plugins for Editor in 0.00 ms.
Unloading 3225 Unused Serialized files (Serialized files now loaded: 0)
System memory in use before: 162.2 MB.
System memory in use after: 162.4 MB.

Unloading 17 unused Assets to reduce memory usage. Loaded Objects now: 4661.
Total: 214.072700 ms (FindLiveObjects: 27.786000 ms CreateObjectMapping: 0.753300 ms MarkObjects: 171.807200 ms  DeleteObjects: 13.720400 ms)

========================================================================
Received Import Request.
  Time since last request: 4380.899842 seconds.
  path: Assets/Photon/PhotonLibs
  artifactKey: Guid(ee1734b1a7bac244bb5f15ecd778b5f2) Importer(815301076,1909f56bfc062723c751e8b465ee728b)
Start importing Assets/Photon/PhotonLibs using Guid(ee1734b1a7bac244bb5f15ecd778b5f2) Importer(815301076,1909f56bfc062723c751e8b465ee728b)  -> (artifact id: 'eabc4f9c64b2d11414e79d7ec246d704') in 0.526498 seconds
  Import took 0.865175 seconds .

========================================================================
Received Import Request.
  Time since last request: 22.210314 seconds.
  path: Assets/Photon/PhotonUnityNetworking/Resources
  artifactKey: Guid(3ef427585295fc24ab0d1623e3ff3fe8) Importer(815301076,1909f56bfc062723c751e8b465ee728b)
Start importing Assets/Photon/PhotonUnityNetworking/Resources using Guid(3ef427585295fc24ab0d1623e3ff3fe8) Importer(815301076,1909f56bfc062723c751e8b465ee728b)  -> (artifact id: '94f8842dc1ce4e583e0c5b8331843d7e') in 0.101847 seconds
  Import took 0.147448 seconds .

========================================================================
Received Import Request.
  Time since last request: 0.306573 seconds.
  path: Assets/Photon/PhotonUnityNetworking/Resources
  artifactKey: Guid(3ef427585295fc24ab0d1623e3ff3fe8) Importer(815301076,1909f56bfc062723c751e8b465ee728b)
Start importing Assets/Photon/PhotonUnityNetworking/Resources using Guid(3ef427585295fc24ab0d1623e3ff3fe8) Importer(815301076,1909f56bfc062723c751e8b465ee728b)  -> (artifact id: '94f8842dc1ce4e583e0c5b8331843d7e') in 0.063514 seconds
  Import took 0.085447 seconds .

========================================================================
Received Import Request.
  Time since last request: 5.097100 seconds.
  path: Assets/Photon/PhotonUnityNetworking/Resources/PhotonServerSettings.asset
  artifactKey: Guid(dcb19e14e64b23c4b975851da0b5fe2b) Importer(815301076,1909f56bfc062723c751e8b465ee728b)
Start importing Assets/Photon/PhotonUnityNetworking/Resources/PhotonServerSettings.asset using Guid(dcb19e14e64b23c4b975851da0b5fe2b) Importer(815301076,1909f56bfc062723c751e8b465ee728b)  -> (artifact id: '865ef0bda3516733b341668dc8a6c054') in 14.595486 seconds
  Import took 14.647487 seconds .

